<?xml version="1.0" encoding="UTF-8"?>
<coverage generated="1774301014836" clover="3.2.0">
  <project timestamp="1774301014836" name="All files">
    <metrics statements="323" coveredstatements="320" conditionals="282" coveredconditionals="261" methods="74" coveredmethods="72" elements="679" coveredelements="653" complexity="0" loc="323" ncloc="323" packages="4" files="5" classes="5"/>
    <package name="components">
      <metrics statements="110" coveredstatements="110" conditionals="124" coveredconditionals="117" methods="25" coveredmethods="25"/>
      <file name="ChangePasswordModal.tsx" path="/home/alphyon/development/school-merit/src/components/ChangePasswordModal.tsx">
        <metrics statements="33" coveredstatements="33" conditionals="20" coveredconditionals="19" methods="7" coveredmethods="7"/>
        <line num="14" count="310" type="stmt"/>
        <line num="15" count="310" type="stmt"/>
        <line num="16" count="310" type="stmt"/>
        <line num="17" count="310" type="stmt"/>
        <line num="18" count="310" type="stmt"/>
        <line num="20" count="310" type="stmt"/>
        <line num="21" count="12" type="cond" truecount="2" falsecount="0"/>
        <line num="22" count="1" type="stmt"/>
        <line num="23" count="1" type="stmt"/>
        <line num="25" count="11" type="cond" truecount="2" falsecount="0"/>
        <line num="26" count="1" type="stmt"/>
        <line num="27" count="1" type="stmt"/>
        <line num="30" count="10" type="stmt"/>
        <line num="31" count="10" type="stmt"/>
        <line num="32" count="10" type="cond" truecount="2" falsecount="0"/>
        <line num="34" count="3" type="stmt"/>
        <line num="37" count="3" type="cond" truecount="1" falsecount="1"/>
        <line num="38" count="3" type="stmt"/>
        <line num="41" count="7" type="stmt"/>
        <line num="42" count="5" type="cond" truecount="2" falsecount="0"/>
        <line num="43" count="3" type="stmt"/>
        <line num="46" count="6" type="stmt"/>
        <line num="47" count="1" type="stmt"/>
        <line num="48" count="1" type="stmt"/>
        <line num="49" count="1" type="stmt"/>
        <line num="52" count="3" type="stmt"/>
        <line num="53" count="3" type="stmt"/>
        <line num="55" count="9" type="stmt"/>
        <line num="59" count="310" type="stmt"/>
        <line num="63" count="310" type="stmt"/>
        <line num="64" count="1" type="cond" truecount="2" falsecount="0"/>
        <line num="76" count="1" type="stmt"/>
        <line num="91" count="12" type="stmt"/>
      </file>
      <file name="EventModal.tsx" path="/home/alphyon/development/school-merit/src/components/EventModal.tsx">
        <metrics statements="77" coveredstatements="77" conditionals="104" coveredconditionals="98" methods="18" coveredmethods="18"/>
        <line num="22" count="158" type="stmt"/>
        <line num="23" count="158" type="stmt"/>
        <line num="24" count="158" type="stmt"/>
        <line num="25" count="158" type="stmt"/>
        <line num="26" count="158" type="stmt"/>
        <line num="27" count="158" type="stmt"/>
        <line num="28" count="158" type="stmt"/>
        <line num="29" count="158" type="stmt"/>
        <line num="30" count="158" type="stmt"/>
        <line num="32" count="158" type="stmt"/>
        <line num="33" count="39" type="stmt"/>
        <line num="34" count="39" type="stmt"/>
        <line num="35" count="39" type="stmt"/>
        <line num="37" count="39" type="stmt"/>
        <line num="38" count="39" type="stmt"/>
        <line num="41" count="39" type="cond" truecount="2" falsecount="0"/>
        <line num="42" count="20" type="cond" truecount="4" falsecount="0"/>
        <line num="43" count="20" type="stmt"/>
        <line num="44" count="20" type="cond" truecount="4" falsecount="0"/>
        <line num="45" count="28" type="stmt"/>
        <line num="48" count="18" type="stmt"/>
        <line num="49" count="18" type="stmt"/>
        <line num="52" count="20" type="cond" truecount="4" falsecount="0"/>
        <line num="53" count="7" type="stmt"/>
        <line num="58" count="6" type="cond" truecount="2" falsecount="0"/>
        <line num="61" count="39" type="stmt"/>
        <line num="64" count="158" type="stmt"/>
        <line num="65" count="36" type="cond" truecount="2" falsecount="0"/>
        <line num="66" count="35" type="stmt"/>
        <line num="67" count="35" type="cond" truecount="4" falsecount="0"/>
        <line num="68" count="35" type="stmt"/>
        <line num="69" count="35" type="stmt"/>
        <line num="70" count="35" type="stmt"/>
        <line num="71" count="35" type="stmt"/>
        <line num="74" count="35" type="cond" truecount="4" falsecount="0"/>
        <line num="75" count="3" type="stmt"/>
        <line num="77" count="32" type="stmt"/>
        <line num="82" count="158" type="stmt"/>
        <line num="83" count="4" type="stmt"/>
        <line num="84" count="4" type="stmt"/>
        <line num="85" count="4" type="stmt"/>
        <line num="86" count="4" type="cond" truecount="4" falsecount="0"/>
        <line num="87" count="3" type="stmt"/>
        <line num="91" count="158" type="stmt"/>
        <line num="92" count="14" type="cond" truecount="4" falsecount="0"/>
        <line num="93" count="13" type="stmt"/>
        <line num="94" count="13" type="cond" truecount="2" falsecount="0"/>
        <line num="95" count="1" type="stmt"/>
        <line num="96" count="1" type="stmt"/>
        <line num="99" count="12" type="stmt"/>
        <line num="100" count="12" type="stmt"/>
        <line num="101" count="12" type="stmt"/>
        <line num="114" count="14" type="cond" truecount="2" falsecount="0"/>
        <line num="115" count="9" type="stmt"/>
        <line num="116" count="7" type="cond" truecount="2" falsecount="0"/>
        <line num="118" count="6" type="cond" truecount="4" falsecount="0"/>
        <line num="119" count="1" type="stmt"/>
        <line num="121" count="6" type="stmt"/>
        <line num="124" count="3" type="stmt"/>
        <line num="128" count="3" type="stmt"/>
        <line num="131" count="9" type="cond" truecount="4" falsecount="0"/>
        <line num="132" count="9" type="stmt"/>
        <line num="135" count="3" type="stmt"/>
        <line num="147" count="3" type="stmt"/>
        <line num="148" count="3" type="cond" truecount="2" falsecount="2"/>
        <line num="149" count="3" type="stmt"/>
        <line num="150" count="12" type="stmt"/>
        <line num="153" count="158" type="stmt"/>
        <line num="157" count="157" type="stmt"/>
        <line num="158" count="1" type="cond" truecount="2" falsecount="0"/>
        <line num="164" count="4" type="cond" truecount="4" falsecount="0"/>
        <line num="180" count="2" type="cond" truecount="2" falsecount="0"/>
        <line num="183" count="1" type="cond" truecount="4" falsecount="0"/>
        <line num="185" count="3" type="stmt"/>
        <line num="199" count="140" type="cond" truecount="6" falsecount="0"/>
        <line num="212" count="1" type="stmt"/>
        <line num="216" count="14" type="stmt"/>
      </file>
    </package>
    <package name="layouts">
      <metrics statements="58" coveredstatements="57" conditionals="43" coveredconditionals="40" methods="15" coveredmethods="15"/>
      <file name="DashboardLayout.tsx" path="/home/alphyon/development/school-merit/src/layouts/DashboardLayout.tsx">
        <metrics statements="58" coveredstatements="57" conditionals="43" coveredconditionals="40" methods="15" coveredmethods="15"/>
        <line num="22" count="49" type="stmt"/>
        <line num="23" count="49" type="cond" truecount="2" falsecount="0"/>
        <line num="24" count="49" type="cond" truecount="2" falsecount="0"/>
        <line num="25" count="49" type="stmt"/>
        <line num="27" count="49" type="stmt"/>
        <line num="28" count="49" type="stmt"/>
        <line num="29" count="49" type="stmt"/>
        <line num="31" count="49" type="stmt"/>
        <line num="32" count="29" type="cond" truecount="2" falsecount="0"/>
        <line num="34" count="2" type="stmt"/>
        <line num="35" count="2" type="cond" truecount="2" falsecount="0"/>
        <line num="36" count="1" type="stmt"/>
        <line num="37" count="1" type="stmt"/>
        <line num="40" count="2" type="stmt"/>
        <line num="43" count="27" type="stmt"/>
        <line num="44" count="27" type="stmt"/>
        <line num="47" count="26" type="cond" truecount="4" falsecount="0"/>
        <line num="48" count="1" type="stmt"/>
        <line num="49" count="1" type="stmt"/>
        <line num="50" count="1" type="stmt"/>
        <line num="53" count="25" type="cond" truecount="1" falsecount="1"/>
        <line num="54" count="25" type="stmt"/>
        <line num="55" count="25" type="cond" truecount="2" falsecount="0"/>
        <line num="56" count="14" type="stmt"/>
        <line num="57" count="14" type="stmt"/>
        <line num="58" count="14" type="stmt"/>
        <line num="62" count="25" type="stmt"/>
        <line num="63" count="25" type="cond" truecount="2" falsecount="0"/>
        <line num="64" count="14" type="stmt"/>
        <line num="65" count="14" type="stmt"/>
        <line num="66" count="14" type="stmt"/>
        <line num="69" count="1" type="stmt"/>
        <line num="71" count="1" type="cond" truecount="1" falsecount="1"/>
        <line num="72" count="0" type="stmt"/>
        <line num="77" count="49" type="stmt"/>
        <line num="78" count="29" type="stmt"/>
        <line num="81" count="29" type="stmt"/>
        <line num="85" count="3" type="cond" truecount="5" falsecount="0"/>
        <line num="86" count="2" type="stmt"/>
        <line num="87" count="2" type="stmt"/>
        <line num="91" count="29" type="stmt"/>
        <line num="94" count="49" type="stmt"/>
        <line num="95" count="4" type="stmt"/>
        <line num="96" count="4" type="stmt"/>
        <line num="97" count="4" type="stmt"/>
        <line num="100" count="49" type="stmt"/>
        <line num="110" count="49" type="stmt"/>
        <line num="115" count="49" type="cond" truecount="2" falsecount="0"/>
        <line num="117" count="49" type="stmt"/>
        <line num="136" count="158" type="stmt"/>
        <line num="138" count="1" type="stmt"/>
        <line num="166" count="5" type="stmt"/>
        <line num="172" count="136" type="cond" truecount="2" falsecount="0"/>
        <line num="222" count="1" type="stmt"/>
        <line num="223" count="3" type="stmt"/>
        <line num="226" count="1" type="stmt"/>
        <line num="230" count="15" type="stmt"/>
        <line num="232" count="1" type="stmt"/>
      </file>
    </package>
    <package name="lib">
      <metrics statements="3" coveredstatements="3" conditionals="0" coveredconditionals="0" methods="1" coveredmethods="1"/>
      <file name="localDb.ts" path="/home/alphyon/development/school-merit/src/lib/localDb.ts">
        <metrics statements="3" coveredstatements="3" conditionals="0" coveredconditionals="0" methods="1" coveredmethods="1"/>
        <line num="49" count="12" type="stmt"/>
        <line num="50" count="12" type="stmt"/>
        <line num="59" count="1" type="stmt"/>
      </file>
    </package>
    <package name="pages">
      <metrics statements="152" coveredstatements="150" conditionals="115" coveredconditionals="104" methods="33" coveredmethods="31"/>
      <file name="TeacherDashboard.tsx" path="/home/alphyon/development/school-merit/src/pages/TeacherDashboard.tsx">
        <metrics statements="152" coveredstatements="150" conditionals="115" coveredconditionals="104" methods="33" coveredmethods="31"/>
        <line num="12" count="142" type="stmt"/>
        <line num="13" count="142" type="stmt"/>
        <line num="14" count="142" type="stmt"/>
        <line num="15" count="142" type="stmt"/>
        <line num="16" count="142" type="cond" truecount="2" falsecount="0"/>
        <line num="17" count="142" type="stmt"/>
        <line num="18" count="142" type="stmt"/>
        <line num="19" count="142" type="stmt"/>
        <line num="20" count="142" type="stmt"/>
        <line num="21" count="142" type="stmt"/>
        <line num="22" count="142" type="stmt"/>
        <line num="23" count="142" type="stmt"/>
        <line num="24" count="142" type="stmt"/>
        <line num="25" count="142" type="stmt"/>
        <line num="27" count="142" type="stmt"/>
        <line num="28" count="51" type="stmt"/>
        <line num="29" count="2" type="stmt"/>
        <line num="30" count="2" type="stmt"/>
        <line num="31" count="2" type="stmt"/>
        <line num="33" count="51" type="stmt"/>
        <line num="34" count="1" type="stmt"/>
        <line num="35" count="1" type="stmt"/>
        <line num="38" count="51" type="stmt"/>
        <line num="39" count="51" type="stmt"/>
        <line num="41" count="51" type="stmt"/>
        <line num="42" count="51" type="stmt"/>
        <line num="43" count="51" type="stmt"/>
        <line num="47" count="142" type="stmt"/>
        <line num="48" count="55" type="cond" truecount="2" falsecount="0"/>
        <line num="49" count="42" type="stmt"/>
        <line num="50" count="42" type="stmt"/>
        <line num="55" count="42" type="stmt"/>
        <line num="56" count="124" type="stmt"/>
        <line num="57" count="124" type="cond" truecount="2" falsecount="0"/>
        <line num="58" count="121" type="stmt"/>
        <line num="61" count="121" type="stmt"/>
        <line num="64" count="1" type="stmt"/>
        <line num="67" count="142" type="stmt"/>
        <line num="68" count="5" type="cond" truecount="3" falsecount="1"/>
        <line num="69" count="0" type="cond" truecount="0" falsecount="2"/>
        <line num="70" count="0" type="stmt"/>
        <line num="73" count="5" type="stmt"/>
        <line num="74" count="5" type="cond" truecount="2" falsecount="0"/>
        <line num="76" count="4" type="stmt"/>
        <line num="77" count="4" type="stmt"/>
        <line num="78" count="4" type="stmt"/>
        <line num="80" count="4" type="stmt"/>
        <line num="81" count="4" type="stmt"/>
        <line num="82" count="6" type="stmt"/>
        <line num="84" count="6" type="stmt"/>
        <line num="97" count="6" type="stmt"/>
        <line num="99" count="5" type="cond" truecount="2" falsecount="0"/>
        <line num="100" count="4" type="stmt"/>
        <line num="101" count="4" type="stmt"/>
        <line num="103" count="1" type="stmt"/>
        <line num="104" count="1" type="stmt"/>
        <line num="108" count="3" type="cond" truecount="2" falsecount="0"/>
        <line num="109" count="2" type="stmt"/>
        <line num="110" count="2" type="stmt"/>
        <line num="112" count="3" type="cond" truecount="2" falsecount="0"/>
        <line num="113" count="1" type="stmt"/>
        <line num="116" count="1" type="stmt"/>
        <line num="117" count="1" type="stmt"/>
        <line num="119" count="4" type="stmt"/>
        <line num="120" count="4" type="stmt"/>
        <line num="124" count="142" type="stmt"/>
        <line num="125" count="64" type="stmt"/>
        <line num="126" count="64" type="stmt"/>
        <line num="129" count="142" type="stmt"/>
        <line num="130" count="55" type="stmt"/>
        <line num="131" count="55" type="stmt"/>
        <line num="132" count="55" type="stmt"/>
        <line num="134" count="55" type="cond" truecount="2" falsecount="0"/>
        <line num="135" count="42" type="stmt"/>
        <line num="136" count="41" type="cond" truecount="2" falsecount="0"/>
        <line num="138" count="40" type="stmt"/>
        <line num="139" count="40" type="cond" truecount="2" falsecount="0"/>
        <line num="140" count="39" type="cond" truecount="2" falsecount="0"/>
        <line num="141" count="39" type="stmt"/>
        <line num="142" count="39" type="stmt"/>
        <line num="143" count="73" type="cond" truecount="1" falsecount="1"/>
        <line num="144" count="39" type="stmt"/>
        <line num="145" count="39" type="stmt"/>
        <line num="147" count="39" type="stmt"/>
        <line num="148" count="39" type="cond" truecount="5" falsecount="1"/>
        <line num="149" count="39" type="cond" truecount="1" falsecount="1"/>
        <line num="152" count="13" type="stmt"/>
        <line num="153" count="13" type="stmt"/>
        <line num="154" count="13" type="stmt"/>
        <line num="155" count="13" type="cond" truecount="4" falsecount="2"/>
        <line num="156" count="13" type="cond" truecount="2" falsecount="0"/>
        <line num="159" count="1" type="stmt"/>
        <line num="160" count="1" type="cond" truecount="1" falsecount="1"/>
        <line num="161" count="55" type="stmt"/>
        <line num="164" count="142" type="stmt"/>
        <line num="165" count="52" type="stmt"/>
        <line num="166" count="52" type="cond" truecount="2" falsecount="0"/>
        <line num="167" count="45" type="stmt"/>
        <line num="168" count="44" type="cond" truecount="2" falsecount="0"/>
        <line num="169" count="76" type="stmt"/>
        <line num="170" count="43" type="stmt"/>
        <line num="171" count="76" type="stmt"/>
        <line num="173" count="4" type="cond" truecount="2" falsecount="0"/>
        <line num="175" count="43" type="stmt"/>
        <line num="177" count="76" type="stmt"/>
        <line num="187" count="43" type="stmt"/>
        <line num="190" count="7" type="stmt"/>
        <line num="191" count="7" type="stmt"/>
        <line num="194" count="1" type="stmt"/>
        <line num="195" count="1" type="stmt"/>
        <line num="199" count="142" type="stmt"/>
        <line num="201" count="142" type="stmt"/>
        <line num="202" count="9" type="stmt"/>
        <line num="203" count="9" type="stmt"/>
        <line num="204" count="9" type="stmt"/>
        <line num="205" count="9" type="stmt"/>
        <line num="208" count="142" type="stmt"/>
        <line num="209" count="5" type="stmt"/>
        <line num="212" count="5" type="stmt"/>
        <line num="213" count="10" type="cond" truecount="2" falsecount="0"/>
        <line num="214" count="5" type="cond" truecount="4" falsecount="0"/>
        <line num="215" count="2" type="cond" truecount="6" falsecount="0"/>
        <line num="216" count="1" type="cond" truecount="3" falsecount="1"/>
        <line num="218" count="5" type="stmt"/>
        <line num="221" count="5" type="cond" truecount="2" falsecount="0"/>
        <line num="222" count="4" type="stmt"/>
        <line num="223" count="4" type="stmt"/>
        <line num="225" count="1" type="stmt"/>
        <line num="229" count="148" type="stmt"/>
        <line num="231" count="142" type="cond" truecount="2" falsecount="0"/>
        <line num="233" count="91" type="stmt"/>
        <line num="235" count="1" type="cond" truecount="2" falsecount="0"/>
        <line num="285" count="2" type="stmt"/>
        <line num="286" count="2" type="cond" truecount="1" falsecount="1"/>
        <line num="287" count="2" type="stmt"/>
        <line num="288" count="2" type="stmt"/>
        <line num="289" count="2" type="stmt"/>
        <line num="293" count="151" type="stmt"/>
        <line num="300" count="143" type="cond" truecount="2" falsecount="0"/>
        <line num="301" count="143" type="cond" truecount="2" falsecount="0"/>
        <line num="302" count="143" type="cond" truecount="2" falsecount="0"/>
        <line num="303" count="143" type="stmt"/>
        <line num="304" count="143" type="cond" truecount="4" falsecount="0"/>
        <line num="305" count="141" type="cond" truecount="2" falsecount="0"/>
        <line num="306" count="140" type="cond" truecount="2" falsecount="0"/>
        <line num="307" count="69" type="stmt"/>
        <line num="309" count="143" type="stmt"/>
        <line num="312" count="1" type="cond" truecount="6" falsecount="0"/>
        <line num="325" count="1" type="stmt"/>
        <line num="343" count="6" type="stmt"/>
        <line num="344" count="1" type="stmt"/>
        <line num="345" count="2" type="stmt"/>
      </file>
    </package>
  </project>
</coverage>
