{"/home/alphyon/development/school-merit/src/components/ChangePasswordModal.tsx": {"path":"/home/alphyon/development/school-merit/src/components/ChangePasswordModal.tsx","statementMap":{"0":{"start":{"line":14,"column":36},"end":{"line":14,"column":null}},"1":{"start":{"line":15,"column":44},"end":{"line":15,"column":null}},"2":{"start":{"line":16,"column":32},"end":{"line":16,"column":null}},"3":{"start":{"line":17,"column":38},"end":{"line":17,"column":null}},"4":{"start":{"line":18,"column":38},"end":{"line":18,"column":null}},"5":{"start":{"line":20,"column":23},"end":{"line":57,"column":null}},"6":{"start":{"line":21,"column":4},"end":{"line":24,"column":null}},"7":{"start":{"line":22,"column":6},"end":{"line":22,"column":null}},"8":{"start":{"line":23,"column":6},"end":{"line":23,"column":null}},"9":{"start":{"line":25,"column":4},"end":{"line":28,"column":null}},"10":{"start":{"line":26,"column":6},"end":{"line":26,"column":null}},"11":{"start":{"line":27,"column":6},"end":{"line":27,"column":null}},"12":{"start":{"line":30,"column":4},"end":{"line":30,"column":null}},"13":{"start":{"line":31,"column":4},"end":{"line":56,"column":null}},"14":{"start":{"line":32,"column":6},"end":{"line":44,"column":null}},"15":{"start":{"line":34,"column":26},"end":{"line":36,"column":null}},"16":{"start":{"line":37,"column":8},"end":{"line":37,"column":null}},"17":{"start":{"line":37,"column":19},"end":{"line":37,"column":null}},"18":{"start":{"line":38,"column":8},"end":{"line":38,"column":null}},"19":{"start":{"line":41,"column":26},"end":{"line":41,"column":null}},"20":{"start":{"line":42,"column":8},"end":{"line":42,"column":null}},"21":{"start":{"line":42,"column":19},"end":{"line":42,"column":null}},"22":{"start":{"line":43,"column":8},"end":{"line":43,"column":null}},"23":{"start":{"line":46,"column":6},"end":{"line":50,"column":null}},"24":{"start":{"line":47,"column":8},"end":{"line":47,"column":null}},"25":{"start":{"line":48,"column":8},"end":{"line":48,"column":null}},"26":{"start":{"line":49,"column":8},"end":{"line":49,"column":null}},"27":{"start":{"line":52,"column":6},"end":{"line":52,"column":null}},"28":{"start":{"line":53,"column":6},"end":{"line":53,"column":null}},"29":{"start":{"line":55,"column":6},"end":{"line":55,"column":null}},"30":{"start":{"line":59,"column":2},"end":{"line":98,"column":null}},"31":{"start":{"line":63,"column":10},"end":{"line":95,"column":null}},"32":{"start":{"line":64,"column":114},"end":{"line":64,"column":137}},"33":{"start":{"line":76,"column":86},"end":{"line":76,"column":null}},"34":{"start":{"line":91,"column":113},"end":{"line":91,"column":136}}},"fnMap":{"0":{"name":"ChangePasswordModal","decl":{"start":{"line":13,"column":24},"end":{"line":13,"column":44}},"loc":{"start":{"line":13,"column":105},"end":{"line":100,"column":null}},"line":13},"1":{"name":"(anonymous_1)","decl":{"start":{"line":20,"column":23},"end":{"line":20,"column":30}},"loc":{"start":{"line":20,"column":54},"end":{"line":57,"column":null}},"line":20},"2":{"name":"(anonymous_2)","decl":{"start":{"line":46,"column":17},"end":{"line":46,"column":23}},"loc":{"start":{"line":46,"column":23},"end":{"line":50,"column":9}},"line":46},"3":{"name":"(anonymous_3)","decl":{"start":{"line":62,"column":9},"end":{"line":62,"column":10}},"loc":{"start":{"line":63,"column":10},"end":{"line":95,"column":null}},"line":63},"4":{"name":"(anonymous_4)","decl":{"start":{"line":64,"column":108},"end":{"line":64,"column":114}},"loc":{"start":{"line":64,"column":114},"end":{"line":64,"column":137}},"line":64},"5":{"name":"(anonymous_5)","decl":{"start":{"line":76,"column":80},"end":{"line":76,"column":86}},"loc":{"start":{"line":76,"column":86},"end":{"line":76,"column":null}},"line":76},"6":{"name":"(anonymous_6)","decl":{"start":{"line":91,"column":107},"end":{"line":91,"column":113}},"loc":{"start":{"line":91,"column":113},"end":{"line":91,"column":136}},"line":91}},"branchMap":{"0":{"loc":{"start":{"line":21,"column":4},"end":{"line":24,"column":null}},"type":"if","locations":[{"start":{"line":21,"column":4},"end":{"line":24,"column":null}},{"start":{},"end":{}}],"line":21},"1":{"loc":{"start":{"line":25,"column":4},"end":{"line":28,"column":null}},"type":"if","locations":[{"start":{"line":25,"column":4},"end":{"line":28,"column":null}},{"start":{},"end":{}}],"line":25},"2":{"loc":{"start":{"line":32,"column":6},"end":{"line":44,"column":null}},"type":"if","locations":[{"start":{"line":32,"column":6},"end":{"line":44,"column":null}},{"start":{"line":39,"column":13},"end":{"line":44,"column":null}}],"line":32},"3":{"loc":{"start":{"line":37,"column":8},"end":{"line":37,"column":null}},"type":"if","locations":[{"start":{"line":37,"column":8},"end":{"line":37,"column":null}},{"start":{},"end":{}}],"line":37},"4":{"loc":{"start":{"line":42,"column":8},"end":{"line":42,"column":null}},"type":"if","locations":[{"start":{"line":42,"column":8},"end":{"line":42,"column":null}},{"start":{},"end":{}}],"line":42},"5":{"loc":{"start":{"line":64,"column":13},"end":{"line":64,"column":null}},"type":"binary-expr","locations":[{"start":{"line":64,"column":13},"end":{"line":64,"column":29}},{"start":{"line":64,"column":29},"end":{"line":64,"column":null}}],"line":64},"6":{"loc":{"start":{"line":66,"column":15},"end":{"line":66,"column":null}},"type":"cond-expr","locations":[{"start":{"line":66,"column":30},"end":{"line":66,"column":58}},{"start":{"line":66,"column":58},"end":{"line":66,"column":null}}],"line":66},"7":{"loc":{"start":{"line":72,"column":22},"end":{"line":72,"column":null}},"type":"cond-expr","locations":[{"start":{"line":72,"column":34},"end":{"line":72,"column":43}},{"start":{"line":72,"column":43},"end":{"line":72,"column":null}}],"line":72},"8":{"loc":{"start":{"line":77,"column":21},"end":{"line":77,"column":null}},"type":"cond-expr","locations":[{"start":{"line":77,"column":33},"end":{"line":77,"column":83}},{"start":{"line":77,"column":83},"end":{"line":77,"column":null}}],"line":77},"9":{"loc":{"start":{"line":84,"column":22},"end":{"line":84,"column":null}},"type":"cond-expr","locations":[{"start":{"line":84,"column":34},"end":{"line":84,"column":43}},{"start":{"line":84,"column":43},"end":{"line":84,"column":null}}],"line":84}},"s":{"0":310,"1":310,"2":310,"3":310,"4":310,"5":310,"6":12,"7":1,"8":1,"9":11,"10":1,"11":1,"12":10,"13":10,"14":10,"15":3,"16":3,"17":0,"18":3,"19":7,"20":5,"21":2,"22":3,"23":6,"24":1,"25":1,"26":1,"27":3,"28":3,"29":9,"30":310,"31":310,"32":1,"33":1,"34":12},"f":{"0":310,"1":12,"2":1,"3":310,"4":1,"5":1,"6":12},"b":{"0":[1,11],"1":[1,10],"2":[3,7],"3":[0,3],"4":[2,3],"5":[310,12],"6":[71,239],"7":[1,309],"8":[1,309],"9":[1,309]},"meta":{"lastBranch":10,"lastFunction":7,"lastStatement":35,"seen":{"f:13:24:13:44":0,"s:14:36:14:Infinity":0,"s:15:44:15:Infinity":1,"s:16:32:16:Infinity":2,"s:17:38:17:Infinity":3,"s:18:38:18:Infinity":4,"s:20:23:57:Infinity":5,"f:20:23:20:30":1,"b:21:4:24:Infinity:undefined:undefined:undefined:undefined":0,"s:21:4:24:Infinity":6,"s:22:6:22:Infinity":7,"s:23:6:23:Infinity":8,"b:25:4:28:Infinity:undefined:undefined:undefined:undefined":1,"s:25:4:28:Infinity":9,"s:26:6:26:Infinity":10,"s:27:6:27:Infinity":11,"s:30:4:30:Infinity":12,"s:31:4:56:Infinity":13,"b:32:6:44:Infinity:39:13:44:Infinity":2,"s:32:6:44:Infinity":14,"s:34:26:36:Infinity":15,"b:37:8:37:Infinity:undefined:undefined:undefined:undefined":3,"s:37:8:37:Infinity":16,"s:37:19:37:Infinity":17,"s:38:8:38:Infinity":18,"s:41:26:41:Infinity":19,"b:42:8:42:Infinity:undefined:undefined:undefined:undefined":4,"s:42:8:42:Infinity":20,"s:42:19:42:Infinity":21,"s:43:8:43:Infinity":22,"s:46:6:50:Infinity":23,"f:46:17:46:23":2,"s:47:8:47:Infinity":24,"s:48:8:48:Infinity":25,"s:49:8:49:Infinity":26,"s:52:6:52:Infinity":27,"s:53:6:53:Infinity":28,"s:55:6:55:Infinity":29,"s:59:2:98:Infinity":30,"f:62:9:62:10":3,"s:63:10:95:Infinity":31,"b:64:13:64:29:64:29:64:Infinity":5,"f:64:108:64:114":4,"s:64:114:64:137":32,"b:66:30:66:58:66:58:66:Infinity":6,"b:72:34:72:43:72:43:72:Infinity":7,"f:76:80:76:86":5,"s:76:86:76:Infinity":33,"b:77:33:77:83:77:83:77:Infinity":8,"b:84:34:84:43:84:43:84:Infinity":9,"f:91:107:91:113":6,"s:91:113:91:136":34}}}
,"/home/alphyon/development/school-merit/src/components/EventModal.tsx": {"path":"/home/alphyon/development/school-merit/src/components/EventModal.tsx","statementMap":{"0":{"start":{"line":22,"column":32},"end":{"line":22,"column":null}},"1":{"start":{"line":23,"column":38},"end":{"line":23,"column":null}},"2":{"start":{"line":24,"column":50},"end":{"line":24,"column":null}},"3":{"start":{"line":25,"column":39},"end":{"line":25,"column":null}},"4":{"start":{"line":26,"column":38},"end":{"line":26,"column":null}},"5":{"start":{"line":27,"column":24},"end":{"line":27,"column":null}},"6":{"start":{"line":28,"column":42},"end":{"line":28,"column":null}},"7":{"start":{"line":29,"column":32},"end":{"line":29,"column":null}},"8":{"start":{"line":30,"column":38},"end":{"line":30,"column":null}},"9":{"start":{"line":32,"column":23},"end":{"line":62,"column":null}},"10":{"start":{"line":33,"column":4},"end":{"line":33,"column":null}},"11":{"start":{"line":34,"column":4},"end":{"line":34,"column":null}},"12":{"start":{"line":35,"column":4},"end":{"line":61,"column":null}},"13":{"start":{"line":37,"column":17},"end":{"line":37,"column":null}},"14":{"start":{"line":38,"column":6},"end":{"line":38,"column":null}},"15":{"start":{"line":38,"column":35},"end":{"line":38,"column":67}},"16":{"start":{"line":41,"column":6},"end":{"line":60,"column":null}},"17":{"start":{"line":42,"column":26},"end":{"line":42,"column":null}},"18":{"start":{"line":43,"column":36},"end":{"line":43,"column":null}},"19":{"start":{"line":44,"column":8},"end":{"line":50,"column":null}},"20":{"start":{"line":45,"column":29},"end":{"line":47,"column":null}},"21":{"start":{"line":45,"column":52},"end":{"line":47,"column":12}},"22":{"start":{"line":48,"column":10},"end":{"line":48,"column":null}},"23":{"start":{"line":49,"column":10},"end":{"line":49,"column":null}},"24":{"start":{"line":49,"column":45},"end":{"line":49,"column":77}},"25":{"start":{"line":52,"column":8},"end":{"line":59,"column":null}},"26":{"start":{"line":53,"column":36},"end":{"line":57,"column":null}},"27":{"start":{"line":58,"column":10},"end":{"line":58,"column":null}},"28":{"start":{"line":61,"column":22},"end":{"line":61,"column":44}},"29":{"start":{"line":61,"column":56},"end":{"line":61,"column":77}},"30":{"start":{"line":64,"column":2},"end":{"line":80,"column":null}},"31":{"start":{"line":65,"column":4},"end":{"line":79,"column":null}},"32":{"start":{"line":66,"column":46},"end":{"line":66,"column":null}},"33":{"start":{"line":67,"column":21},"end":{"line":67,"column":null}},"34":{"start":{"line":68,"column":6},"end":{"line":68,"column":null}},"35":{"start":{"line":69,"column":6},"end":{"line":69,"column":null}},"36":{"start":{"line":70,"column":6},"end":{"line":70,"column":null}},"37":{"start":{"line":71,"column":6},"end":{"line":71,"column":null}},"38":{"start":{"line":74,"column":6},"end":{"line":78,"column":null}},"39":{"start":{"line":75,"column":8},"end":{"line":75,"column":null}},"40":{"start":{"line":77,"column":8},"end":{"line":77,"column":null}},"41":{"start":{"line":82,"column":26},"end":{"line":89,"column":null}},"42":{"start":{"line":83,"column":4},"end":{"line":83,"column":null}},"43":{"start":{"line":84,"column":4},"end":{"line":84,"column":null}},"44":{"start":{"line":85,"column":4},"end":{"line":85,"column":null}},"45":{"start":{"line":86,"column":4},"end":{"line":88,"column":null}},"46":{"start":{"line":87,"column":6},"end":{"line":87,"column":null}},"47":{"start":{"line":91,"column":23},"end":{"line":151,"column":null}},"48":{"start":{"line":92,"column":4},"end":{"line":92,"column":null}},"49":{"start":{"line":92,"column":37},"end":{"line":92,"column":null}},"50":{"start":{"line":93,"column":22},"end":{"line":93,"column":null}},"51":{"start":{"line":94,"column":4},"end":{"line":97,"column":null}},"52":{"start":{"line":95,"column":6},"end":{"line":95,"column":null}},"53":{"start":{"line":96,"column":6},"end":{"line":96,"column":null}},"54":{"start":{"line":99,"column":4},"end":{"line":99,"column":null}},"55":{"start":{"line":100,"column":4},"end":{"line":150,"column":null}},"56":{"start":{"line":101,"column":29},"end":{"line":112,"column":null}},"57":{"start":{"line":114,"column":6},"end":{"line":129,"column":null}},"58":{"start":{"line":115,"column":39},"end":{"line":115,"column":null}},"59":{"start":{"line":116,"column":8},"end":{"line":116,"column":null}},"60":{"start":{"line":116,"column":25},"end":{"line":116,"column":null}},"61":{"start":{"line":118,"column":8},"end":{"line":120,"column":null}},"62":{"start":{"line":119,"column":10},"end":{"line":119,"column":null}},"63":{"start":{"line":121,"column":8},"end":{"line":121,"column":null}},"64":{"start":{"line":124,"column":8},"end":{"line":127,"column":null}},"65":{"start":{"line":128,"column":8},"end":{"line":128,"column":null}},"66":{"start":{"line":131,"column":6},"end":{"line":131,"column":null}},"67":{"start":{"line":131,"column":21},"end":{"line":131,"column":null}},"68":{"start":{"line":132,"column":6},"end":{"line":132,"column":null}},"69":{"start":{"line":135,"column":6},"end":{"line":146,"column":null}},"70":{"start":{"line":147,"column":6},"end":{"line":147,"column":null}},"71":{"start":{"line":148,"column":6},"end":{"line":148,"column":null}},"72":{"start":{"line":148,"column":21},"end":{"line":148,"column":null}},"73":{"start":{"line":149,"column":6},"end":{"line":149,"column":null}},"74":{"start":{"line":150,"column":16},"end":{"line":150,"column":40}},"75":{"start":{"line":153,"column":2},"end":{"line":226,"column":null}},"76":{"start":{"line":157,"column":10},"end":{"line":223,"column":null}},"77":{"start":{"line":158,"column":114},"end":{"line":158,"column":137}},"78":{"start":{"line":164,"column":216},"end":{"line":164,"column":248}},"79":{"start":{"line":180,"column":48},"end":{"line":180,"column":73}},"80":{"start":{"line":183,"column":216},"end":{"line":183,"column":270}},"81":{"start":{"line":185,"column":24},"end":{"line":187,"column":null}},"82":{"start":{"line":199,"column":20},"end":{"line":205,"column":null}},"83":{"start":{"line":199,"column":54},"end":{"line":199,"column":77}},"84":{"start":{"line":212,"column":53},"end":{"line":212,"column":64}},"85":{"start":{"line":216,"column":31},"end":{"line":216,"column":null}}},"fnMap":{"0":{"name":"EventModal","decl":{"start":{"line":21,"column":24},"end":{"line":21,"column":35}},"loc":{"start":{"line":21,"column":143},"end":{"line":228,"column":null}},"line":21},"1":{"name":"(anonymous_1)","decl":{"start":{"line":32,"column":23},"end":{"line":32,"column":30}},"loc":{"start":{"line":32,"column":54},"end":{"line":62,"column":null}},"line":32},"2":{"name":"(anonymous_2)","decl":{"start":{"line":38,"column":25},"end":{"line":38,"column":26}},"loc":{"start":{"line":38,"column":35},"end":{"line":38,"column":67}},"line":38},"3":{"name":"(anonymous_3)","decl":{"start":{"line":45,"column":43},"end":{"line":45,"column":52}},"loc":{"start":{"line":45,"column":52},"end":{"line":47,"column":12}},"line":45},"4":{"name":"(anonymous_4)","decl":{"start":{"line":49,"column":35},"end":{"line":49,"column":36}},"loc":{"start":{"line":49,"column":45},"end":{"line":49,"column":77}},"line":49},"5":{"name":"(anonymous_5)","decl":{"start":{"line":64,"column":12},"end":{"line":64,"column":18}},"loc":{"start":{"line":64,"column":18},"end":{"line":80,"column":5}},"line":64},"6":{"name":"(anonymous_6)","decl":{"start":{"line":82,"column":26},"end":{"line":82,"column":27}},"loc":{"start":{"line":82,"column":43},"end":{"line":89,"column":null}},"line":82},"7":{"name":"(anonymous_7)","decl":{"start":{"line":91,"column":23},"end":{"line":91,"column":30}},"loc":{"start":{"line":91,"column":54},"end":{"line":151,"column":null}},"line":91},"8":{"name":"(anonymous_8)","decl":{"start":{"line":156,"column":9},"end":{"line":156,"column":10}},"loc":{"start":{"line":157,"column":10},"end":{"line":223,"column":null}},"line":157},"9":{"name":"(anonymous_9)","decl":{"start":{"line":158,"column":108},"end":{"line":158,"column":114}},"loc":{"start":{"line":158,"column":114},"end":{"line":158,"column":137}},"line":158},"10":{"name":"(anonymous_10)","decl":{"start":{"line":164,"column":207},"end":{"line":164,"column":208}},"loc":{"start":{"line":164,"column":216},"end":{"line":164,"column":248}},"line":164},"11":{"name":"(anonymous_11)","decl":{"start":{"line":180,"column":43},"end":{"line":180,"column":48}},"loc":{"start":{"line":180,"column":48},"end":{"line":180,"column":73}},"line":180},"12":{"name":"(anonymous_12)","decl":{"start":{"line":183,"column":206},"end":{"line":183,"column":207}},"loc":{"start":{"line":183,"column":216},"end":{"line":183,"column":270}},"line":183},"13":{"name":"(anonymous_13)","decl":{"start":{"line":184,"column":42},"end":{"line":184,"column":43}},"loc":{"start":{"line":185,"column":24},"end":{"line":187,"column":null}},"line":185},"14":{"name":"(anonymous_14)","decl":{"start":{"line":198,"column":28},"end":{"line":198,"column":29}},"loc":{"start":{"line":199,"column":20},"end":{"line":205,"column":null}},"line":199},"15":{"name":"(anonymous_15)","decl":{"start":{"line":199,"column":48},"end":{"line":199,"column":54}},"loc":{"start":{"line":199,"column":54},"end":{"line":199,"column":77}},"line":199},"16":{"name":"(anonymous_16)","decl":{"start":{"line":212,"column":47},"end":{"line":212,"column":53}},"loc":{"start":{"line":212,"column":53},"end":{"line":212,"column":64}},"line":212},"17":{"name":"(anonymous_17)","decl":{"start":{"line":216,"column":25},"end":{"line":216,"column":31}},"loc":{"start":{"line":216,"column":31},"end":{"line":216,"column":null}},"line":216}},"branchMap":{"0":{"loc":{"start":{"line":41,"column":6},"end":{"line":60,"column":null}},"type":"if","locations":[{"start":{"line":41,"column":6},"end":{"line":60,"column":null}},{"start":{},"end":{}}],"line":41},"1":{"loc":{"start":{"line":42,"column":26},"end":{"line":42,"column":null}},"type":"cond-expr","locations":[{"start":{"line":42,"column":55},"end":{"line":42,"column":79}},{"start":{"line":42,"column":79},"end":{"line":42,"column":null}}],"line":42},"2":{"loc":{"start":{"line":42,"column":79},"end":{"line":42,"column":null}},"type":"cond-expr","locations":[{"start":{"line":42,"column":109},"end":{"line":42,"column":134}},{"start":{"line":42,"column":134},"end":{"line":42,"column":null}}],"line":42},"3":{"loc":{"start":{"line":44,"column":8},"end":{"line":50,"column":null}},"type":"if","locations":[{"start":{"line":44,"column":8},"end":{"line":50,"column":null}},{"start":{},"end":{}}],"line":44},"4":{"loc":{"start":{"line":44,"column":12},"end":{"line":44,"column":47}},"type":"binary-expr","locations":[{"start":{"line":44,"column":12},"end":{"line":44,"column":25}},{"start":{"line":44,"column":25},"end":{"line":44,"column":47}}],"line":44},"5":{"loc":{"start":{"line":52,"column":8},"end":{"line":59,"column":null}},"type":"if","locations":[{"start":{"line":52,"column":8},"end":{"line":59,"column":null}},{"start":{},"end":{}}],"line":52},"6":{"loc":{"start":{"line":52,"column":12},"end":{"line":52,"column":54}},"type":"binary-expr","locations":[{"start":{"line":52,"column":12},"end":{"line":52,"column":43}},{"start":{"line":52,"column":43},"end":{"line":52,"column":54}}],"line":52},"7":{"loc":{"start":{"line":58,"column":28},"end":{"line":58,"column":41}},"type":"binary-expr","locations":[{"start":{"line":58,"column":28},"end":{"line":58,"column":39}},{"start":{"line":58,"column":39},"end":{"line":58,"column":41}}],"line":58},"8":{"loc":{"start":{"line":65,"column":4},"end":{"line":79,"column":null}},"type":"if","locations":[{"start":{"line":65,"column":4},"end":{"line":79,"column":null}},{"start":{},"end":{}}],"line":65},"9":{"loc":{"start":{"line":67,"column":21},"end":{"line":67,"column":null}},"type":"binary-expr","locations":[{"start":{"line":67,"column":21},"end":{"line":67,"column":57}},{"start":{"line":67,"column":57},"end":{"line":67,"column":null}}],"line":67},"10":{"loc":{"start":{"line":67,"column":28},"end":{"line":67,"column":52}},"type":"binary-expr","locations":[{"start":{"line":67,"column":28},"end":{"line":67,"column":42}},{"start":{"line":67,"column":42},"end":{"line":67,"column":52}}],"line":67},"11":{"loc":{"start":{"line":74,"column":6},"end":{"line":78,"column":null}},"type":"if","locations":[{"start":{"line":74,"column":6},"end":{"line":78,"column":null}},{"start":{"line":76,"column":13},"end":{"line":78,"column":null}}],"line":74},"12":{"loc":{"start":{"line":74,"column":10},"end":{"line":74,"column":54}},"type":"binary-expr","locations":[{"start":{"line":74,"column":10},"end":{"line":74,"column":36}},{"start":{"line":74,"column":36},"end":{"line":74,"column":54}}],"line":74},"13":{"loc":{"start":{"line":86,"column":4},"end":{"line":88,"column":null}},"type":"if","locations":[{"start":{"line":86,"column":4},"end":{"line":88,"column":null}},{"start":{},"end":{}}],"line":86},"14":{"loc":{"start":{"line":86,"column":8},"end":{"line":86,"column":50}},"type":"binary-expr","locations":[{"start":{"line":86,"column":8},"end":{"line":86,"column":31}},{"start":{"line":86,"column":31},"end":{"line":86,"column":50}}],"line":86},"15":{"loc":{"start":{"line":92,"column":4},"end":{"line":92,"column":null}},"type":"if","locations":[{"start":{"line":92,"column":4},"end":{"line":92,"column":null}},{"start":{},"end":{}}],"line":92},"16":{"loc":{"start":{"line":92,"column":8},"end":{"line":92,"column":37}},"type":"binary-expr","locations":[{"start":{"line":92,"column":8},"end":{"line":92,"column":25}},{"start":{"line":92,"column":25},"end":{"line":92,"column":37}}],"line":92},"17":{"loc":{"start":{"line":94,"column":4},"end":{"line":97,"column":null}},"type":"if","locations":[{"start":{"line":94,"column":4},"end":{"line":97,"column":null}},{"start":{},"end":{}}],"line":94},"18":{"loc":{"start":{"line":105,"column":21},"end":{"line":105,"column":null}},"type":"cond-expr","locations":[{"start":{"line":105,"column":48},"end":{"line":105,"column":66}},{"start":{"line":105,"column":66},"end":{"line":105,"column":null}}],"line":105},"19":{"loc":{"start":{"line":106,"column":22},"end":{"line":106,"column":null}},"type":"cond-expr","locations":[{"start":{"line":106,"column":50},"end":{"line":106,"column":68}},{"start":{"line":106,"column":68},"end":{"line":106,"column":null}}],"line":106},"20":{"loc":{"start":{"line":107,"column":27},"end":{"line":107,"column":null}},"type":"cond-expr","locations":[{"start":{"line":107,"column":60},"end":{"line":107,"column":78}},{"start":{"line":107,"column":78},"end":{"line":107,"column":null}}],"line":107},"21":{"loc":{"start":{"line":108,"column":30},"end":{"line":108,"column":null}},"type":"cond-expr","locations":[{"start":{"line":108,"column":58},"end":{"line":108,"column":79}},{"start":{"line":108,"column":79},"end":{"line":108,"column":null}}],"line":108},"22":{"loc":{"start":{"line":114,"column":6},"end":{"line":129,"column":null}},"type":"if","locations":[{"start":{"line":114,"column":6},"end":{"line":129,"column":null}},{"start":{"line":122,"column":13},"end":{"line":129,"column":null}}],"line":114},"23":{"loc":{"start":{"line":116,"column":8},"end":{"line":116,"column":null}},"type":"if","locations":[{"start":{"line":116,"column":8},"end":{"line":116,"column":null}},{"start":{},"end":{}}],"line":116},"24":{"loc":{"start":{"line":118,"column":8},"end":{"line":120,"column":null}},"type":"if","locations":[{"start":{"line":118,"column":8},"end":{"line":120,"column":null}},{"start":{},"end":{}}],"line":118},"25":{"loc":{"start":{"line":118,"column":12},"end":{"line":118,"column":61}},"type":"binary-expr","locations":[{"start":{"line":118,"column":12},"end":{"line":118,"column":41}},{"start":{"line":118,"column":41},"end":{"line":118,"column":61}}],"line":118},"26":{"loc":{"start":{"line":131,"column":6},"end":{"line":131,"column":null}},"type":"if","locations":[{"start":{"line":131,"column":6},"end":{"line":131,"column":null}},{"start":{},"end":{}}],"line":131},"27":{"loc":{"start":{"line":131,"column":42},"end":{"line":131,"column":72}},"type":"binary-expr","locations":[{"start":{"line":131,"column":42},"end":{"line":131,"column":71}},{"start":{"line":131,"column":71},"end":{"line":131,"column":72}}],"line":131},"28":{"loc":{"start":{"line":139,"column":21},"end":{"line":139,"column":null}},"type":"cond-expr","locations":[{"start":{"line":139,"column":48},"end":{"line":139,"column":66}},{"start":{"line":139,"column":66},"end":{"line":139,"column":null}}],"line":139},"29":{"loc":{"start":{"line":140,"column":22},"end":{"line":140,"column":null}},"type":"cond-expr","locations":[{"start":{"line":140,"column":50},"end":{"line":140,"column":68}},{"start":{"line":140,"column":68},"end":{"line":140,"column":null}}],"line":140},"30":{"loc":{"start":{"line":141,"column":27},"end":{"line":141,"column":null}},"type":"cond-expr","locations":[{"start":{"line":141,"column":60},"end":{"line":141,"column":78}},{"start":{"line":141,"column":78},"end":{"line":141,"column":null}}],"line":141},"31":{"loc":{"start":{"line":142,"column":30},"end":{"line":142,"column":null}},"type":"cond-expr","locations":[{"start":{"line":142,"column":58},"end":{"line":142,"column":79}},{"start":{"line":142,"column":79},"end":{"line":142,"column":null}}],"line":142},"32":{"loc":{"start":{"line":148,"column":6},"end":{"line":148,"column":null}},"type":"if","locations":[{"start":{"line":148,"column":6},"end":{"line":148,"column":null}},{"start":{},"end":{}}],"line":148},"33":{"loc":{"start":{"line":148,"column":42},"end":{"line":148,"column":72}},"type":"binary-expr","locations":[{"start":{"line":148,"column":42},"end":{"line":148,"column":71}},{"start":{"line":148,"column":71},"end":{"line":148,"column":72}}],"line":148},"34":{"loc":{"start":{"line":158,"column":13},"end":{"line":158,"column":null}},"type":"binary-expr","locations":[{"start":{"line":158,"column":13},"end":{"line":158,"column":29}},{"start":{"line":158,"column":29},"end":{"line":158,"column":null}}],"line":158},"35":{"loc":{"start":{"line":164,"column":45},"end":{"line":164,"column":138}},"type":"cond-expr","locations":[{"start":{"line":164,"column":72},"end":{"line":164,"column":84}},{"start":{"line":164,"column":84},"end":{"line":164,"column":138}}],"line":164},"36":{"loc":{"start":{"line":164,"column":84},"end":{"line":164,"column":138}},"type":"cond-expr","locations":[{"start":{"line":164,"column":112},"end":{"line":164,"column":124}},{"start":{"line":164,"column":124},"end":{"line":164,"column":138}}],"line":164},"37":{"loc":{"start":{"line":170,"column":15},"end":{"line":191,"column":null}},"type":"binary-expr","locations":[{"start":{"line":170,"column":15},"end":{"line":170,"column":null}},{"start":{"line":171,"column":16},"end":{"line":191,"column":null}}],"line":170},"38":{"loc":{"start":{"line":173,"column":19},"end":{"line":176,"column":null}},"type":"binary-expr","locations":[{"start":{"line":173,"column":19},"end":{"line":173,"column":null}},{"start":{"line":174,"column":20},"end":{"line":176,"column":null}}],"line":173},"39":{"loc":{"start":{"line":178,"column":19},"end":{"line":189,"column":null}},"type":"cond-expr","locations":[{"start":{"line":179,"column":20},"end":{"line":181,"column":null}},{"start":{"line":183,"column":20},"end":{"line":189,"column":null}}],"line":178},"40":{"loc":{"start":{"line":180,"column":23},"end":{"line":180,"column":null}},"type":"binary-expr","locations":[{"start":{"line":180,"column":23},"end":{"line":180,"column":111}},{"start":{"line":180,"column":111},"end":{"line":180,"column":null}}],"line":180},"41":{"loc":{"start":{"line":183,"column":45},"end":{"line":183,"column":125}},"type":"cond-expr","locations":[{"start":{"line":183,"column":73},"end":{"line":183,"column":103}},{"start":{"line":183,"column":103},"end":{"line":183,"column":125}}],"line":183},"42":{"loc":{"start":{"line":183,"column":139},"end":{"line":183,"column":187}},"type":"cond-expr","locations":[{"start":{"line":183,"column":160},"end":{"line":183,"column":183}},{"start":{"line":183,"column":183},"end":{"line":183,"column":187}}],"line":183},"43":{"loc":{"start":{"line":195,"column":17},"end":{"line":206,"column":null}},"type":"cond-expr","locations":[{"start":{"line":196,"column":18},"end":{"line":196,"column":null}},{"start":{"line":198,"column":18},"end":{"line":206,"column":null}}],"line":195},"44":{"loc":{"start":{"line":199,"column":166},"end":{"line":199,"column":384}},"type":"cond-expr","locations":[{"start":{"line":199,"column":198},"end":{"line":199,"column":357}},{"start":{"line":199,"column":357},"end":{"line":199,"column":384}}],"line":199},"45":{"loc":{"start":{"line":199,"column":198},"end":{"line":199,"column":357}},"type":"cond-expr","locations":[{"start":{"line":199,"column":225},"end":{"line":199,"column":255}},{"start":{"line":199,"column":255},"end":{"line":199,"column":357}}],"line":199},"46":{"loc":{"start":{"line":199,"column":255},"end":{"line":199,"column":357}},"type":"cond-expr","locations":[{"start":{"line":199,"column":283},"end":{"line":199,"column":320}},{"start":{"line":199,"column":320},"end":{"line":199,"column":357}}],"line":199},"47":{"loc":{"start":{"line":202,"column":25},"end":{"line":202,"column":null}},"type":"binary-expr","locations":[{"start":{"line":202,"column":25},"end":{"line":202,"column":50}},{"start":{"line":202,"column":50},"end":{"line":202,"column":84}},{"start":{"line":202,"column":84},"end":{"line":202,"column":null}}],"line":202},"48":{"loc":{"start":{"line":214,"column":23},"end":{"line":214,"column":null}},"type":"cond-expr","locations":[{"start":{"line":214,"column":50},"end":{"line":214,"column":62}},{"start":{"line":214,"column":62},"end":{"line":214,"column":null}}],"line":214},"49":{"loc":{"start":{"line":214,"column":62},"end":{"line":214,"column":null}},"type":"cond-expr","locations":[{"start":{"line":214,"column":90},"end":{"line":214,"column":102}},{"start":{"line":214,"column":102},"end":{"line":214,"column":null}}],"line":214},"50":{"loc":{"start":{"line":218,"column":28},"end":{"line":218,"column":null}},"type":"binary-expr","locations":[{"start":{"line":218,"column":28},"end":{"line":218,"column":46}},{"start":{"line":218,"column":46},"end":{"line":218,"column":75}},{"start":{"line":218,"column":75},"end":{"line":218,"column":null}}],"line":218}},"s":{"0":158,"1":158,"2":158,"3":158,"4":158,"5":158,"6":158,"7":158,"8":158,"9":158,"10":39,"11":39,"12":39,"13":39,"14":39,"15":23,"16":39,"17":20,"18":20,"19":20,"20":18,"21":28,"22":18,"23":18,"24":10,"25":20,"26":7,"27":6,"28":1,"29":39,"30":158,"31":36,"32":35,"33":35,"34":35,"35":35,"36":35,"37":35,"38":35,"39":3,"40":32,"41":158,"42":4,"43":4,"44":4,"45":4,"46":3,"47":158,"48":14,"49":1,"50":13,"51":13,"52":1,"53":1,"54":12,"55":12,"56":12,"57":14,"58":9,"59":7,"60":1,"61":6,"62":1,"63":6,"64":3,"65":3,"66":9,"67":9,"68":9,"69":3,"70":3,"71":3,"72":3,"73":3,"74":12,"75":158,"76":157,"77":1,"78":4,"79":2,"80":1,"81":3,"82":140,"83":17,"84":1,"85":14},"f":{"0":158,"1":39,"2":23,"3":28,"4":10,"5":36,"6":4,"7":14,"8":157,"9":1,"10":4,"11":2,"12":1,"13":3,"14":140,"15":17,"16":1,"17":14},"b":{"0":[20,19],"1":[11,9],"2":[7,2],"3":[18,2],"4":[20,18],"5":[7,13],"6":[20,7],"7":[6,3],"8":[35,1],"9":[35,1],"10":[35,20],"11":[3,32],"12":[35,11],"13":[3,1],"14":[4,2],"15":[1,13],"16":[14,14],"17":[1,12],"18":[10,2],"19":[1,11],"20":[1,11],"21":[1,11],"22":[9,3],"23":[1,6],"24":[1,5],"25":[6,1],"26":[8,1],"27":[8,1],"28":[3,0],"29":[0,3],"30":[0,3],"31":[0,3],"32":[3,0],"33":[3,0],"34":[157,13],"35":[115,42],"36":[32,10],"37":[157,32],"38":[32,12],"39":[11,21],"40":[11,9],"41":[3,18],"42":[2,19],"43":[39,118],"44":[43,97],"45":[34,9],"46":[5,4],"47":[140,134,132],"48":[115,42],"49":[32,10],"50":[157,43,5]},"meta":{"lastBranch":51,"lastFunction":18,"lastStatement":86,"seen":{"f:21:24:21:35":0,"s:22:32:22:Infinity":0,"s:23:38:23:Infinity":1,"s:24:50:24:Infinity":2,"s:25:39:25:Infinity":3,"s:26:38:26:Infinity":4,"s:27:24:27:Infinity":5,"s:28:42:28:Infinity":6,"s:29:32:29:Infinity":7,"s:30:38:30:Infinity":8,"s:32:23:62:Infinity":9,"f:32:23:32:30":1,"s:33:4:33:Infinity":10,"s:34:4:34:Infinity":11,"s:35:4:61:Infinity":12,"s:37:17:37:Infinity":13,"s:38:6:38:Infinity":14,"f:38:25:38:26":2,"s:38:35:38:67":15,"b:41:6:60:Infinity:undefined:undefined:undefined:undefined":0,"s:41:6:60:Infinity":16,"s:42:26:42:Infinity":17,"b:42:55:42:79:42:79:42:Infinity":1,"b:42:109:42:134:42:134:42:Infinity":2,"s:43:36:43:Infinity":18,"b:44:8:50:Infinity:undefined:undefined:undefined:undefined":3,"s:44:8:50:Infinity":19,"b:44:12:44:25:44:25:44:47":4,"s:45:29:47:Infinity":20,"f:45:43:45:52":3,"s:45:52:47:12":21,"s:48:10:48:Infinity":22,"s:49:10:49:Infinity":23,"f:49:35:49:36":4,"s:49:45:49:77":24,"b:52:8:59:Infinity:undefined:undefined:undefined:undefined":5,"s:52:8:59:Infinity":25,"b:52:12:52:43:52:43:52:54":6,"s:53:36:57:Infinity":26,"s:58:10:58:Infinity":27,"b:58:28:58:39:58:39:58:41":7,"s:61:22:61:44":28,"s:61:56:61:77":29,"s:64:2:80:Infinity":30,"f:64:12:64:18":5,"b:65:4:79:Infinity:undefined:undefined:undefined:undefined":8,"s:65:4:79:Infinity":31,"s:66:46:66:Infinity":32,"s:67:21:67:Infinity":33,"b:67:21:67:57:67:57:67:Infinity":9,"b:67:28:67:42:67:42:67:52":10,"s:68:6:68:Infinity":34,"s:69:6:69:Infinity":35,"s:70:6:70:Infinity":36,"s:71:6:71:Infinity":37,"b:74:6:78:Infinity:76:13:78:Infinity":11,"s:74:6:78:Infinity":38,"b:74:10:74:36:74:36:74:54":12,"s:75:8:75:Infinity":39,"s:77:8:77:Infinity":40,"s:82:26:89:Infinity":41,"f:82:26:82:27":6,"s:83:4:83:Infinity":42,"s:84:4:84:Infinity":43,"s:85:4:85:Infinity":44,"b:86:4:88:Infinity:undefined:undefined:undefined:undefined":13,"s:86:4:88:Infinity":45,"b:86:8:86:31:86:31:86:50":14,"s:87:6:87:Infinity":46,"s:91:23:151:Infinity":47,"f:91:23:91:30":7,"b:92:4:92:Infinity:undefined:undefined:undefined:undefined":15,"s:92:4:92:Infinity":48,"b:92:8:92:25:92:25:92:37":16,"s:92:37:92:Infinity":49,"s:93:22:93:Infinity":50,"b:94:4:97:Infinity:undefined:undefined:undefined:undefined":17,"s:94:4:97:Infinity":51,"s:95:6:95:Infinity":52,"s:96:6:96:Infinity":53,"s:99:4:99:Infinity":54,"s:100:4:150:Infinity":55,"s:101:29:112:Infinity":56,"b:105:48:105:66:105:66:105:Infinity":18,"b:106:50:106:68:106:68:106:Infinity":19,"b:107:60:107:78:107:78:107:Infinity":20,"b:108:58:108:79:108:79:108:Infinity":21,"b:114:6:129:Infinity:122:13:129:Infinity":22,"s:114:6:129:Infinity":57,"s:115:39:115:Infinity":58,"b:116:8:116:Infinity:undefined:undefined:undefined:undefined":23,"s:116:8:116:Infinity":59,"s:116:25:116:Infinity":60,"b:118:8:120:Infinity:undefined:undefined:undefined:undefined":24,"s:118:8:120:Infinity":61,"b:118:12:118:41:118:41:118:61":25,"s:119:10:119:Infinity":62,"s:121:8:121:Infinity":63,"s:124:8:127:Infinity":64,"s:128:8:128:Infinity":65,"b:131:6:131:Infinity:undefined:undefined:undefined:undefined":26,"s:131:6:131:Infinity":66,"s:131:21:131:Infinity":67,"b:131:42:131:71:131:71:131:72":27,"s:132:6:132:Infinity":68,"s:135:6:146:Infinity":69,"b:139:48:139:66:139:66:139:Infinity":28,"b:140:50:140:68:140:68:140:Infinity":29,"b:141:60:141:78:141:78:141:Infinity":30,"b:142:58:142:79:142:79:142:Infinity":31,"s:147:6:147:Infinity":70,"b:148:6:148:Infinity:undefined:undefined:undefined:undefined":32,"s:148:6:148:Infinity":71,"s:148:21:148:Infinity":72,"b:148:42:148:71:148:71:148:72":33,"s:149:6:149:Infinity":73,"s:150:16:150:40":74,"s:153:2:226:Infinity":75,"f:156:9:156:10":8,"s:157:10:223:Infinity":76,"b:158:13:158:29:158:29:158:Infinity":34,"f:158:108:158:114":9,"s:158:114:158:137":77,"b:164:72:164:84:164:84:164:138":35,"b:164:112:164:124:164:124:164:138":36,"f:164:207:164:208":10,"s:164:216:164:248":78,"b:170:15:170:Infinity:171:16:191:Infinity":37,"b:173:19:173:Infinity:174:20:176:Infinity":38,"b:179:20:181:Infinity:183:20:189:Infinity":39,"b:180:23:180:111:180:111:180:Infinity":40,"f:180:43:180:48":11,"s:180:48:180:73":79,"b:183:73:183:103:183:103:183:125":41,"b:183:160:183:183:183:183:183:187":42,"f:183:206:183:207":12,"s:183:216:183:270":80,"f:184:42:184:43":13,"s:185:24:187:Infinity":81,"b:196:18:196:Infinity:198:18:206:Infinity":43,"f:198:28:198:29":14,"s:199:20:205:Infinity":82,"f:199:48:199:54":15,"s:199:54:199:77":83,"b:199:198:199:357:199:357:199:384":44,"b:199:225:199:255:199:255:199:357":45,"b:199:283:199:320:199:320:199:357":46,"b:202:25:202:50:202:50:202:84:202:84:202:Infinity":47,"f:212:47:212:53":16,"s:212:53:212:64":84,"b:214:50:214:62:214:62:214:Infinity":48,"b:214:90:214:102:214:102:214:Infinity":49,"f:216:25:216:31":17,"s:216:31:216:Infinity":85,"b:218:28:218:46:218:46:218:75:218:75:218:Infinity":50}}}
,"/home/alphyon/development/school-merit/src/layouts/DashboardLayout.tsx": {"path":"/home/alphyon/development/school-merit/src/layouts/DashboardLayout.tsx","statementMap":{"0":{"start":{"line":22,"column":40},"end":{"line":22,"column":null}},"1":{"start":{"line":23,"column":30},"end":{"line":23,"column":null}},"2":{"start":{"line":24,"column":38},"end":{"line":24,"column":null}},"3":{"start":{"line":25,"column":37},"end":{"line":25,"column":null}},"4":{"start":{"line":27,"column":8},"end":{"line":27,"column":null}},"5":{"start":{"line":28,"column":8},"end":{"line":28,"column":null}},"6":{"start":{"line":29,"column":36},"end":{"line":29,"column":null}},"7":{"start":{"line":31,"column":27},"end":{"line":75,"column":null}},"8":{"start":{"line":32,"column":4},"end":{"line":41,"column":null}},"9":{"start":{"line":34,"column":36},"end":{"line":34,"column":null}},"10":{"start":{"line":35,"column":6},"end":{"line":38,"column":null}},"11":{"start":{"line":36,"column":8},"end":{"line":36,"column":null}},"12":{"start":{"line":37,"column":8},"end":{"line":37,"column":null}},"13":{"start":{"line":40,"column":6},"end":{"line":40,"column":null}},"14":{"start":{"line":43,"column":4},"end":{"line":74,"column":null}},"15":{"start":{"line":44,"column":51},"end":{"line":44,"column":null}},"16":{"start":{"line":47,"column":6},"end":{"line":51,"column":null}},"17":{"start":{"line":48,"column":8},"end":{"line":48,"column":null}},"18":{"start":{"line":49,"column":8},"end":{"line":49,"column":null}},"19":{"start":{"line":50,"column":8},"end":{"line":50,"column":null}},"20":{"start":{"line":53,"column":6},"end":{"line":60,"column":null}},"21":{"start":{"line":54,"column":34},"end":{"line":54,"column":null}},"22":{"start":{"line":55,"column":8},"end":{"line":59,"column":null}},"23":{"start":{"line":56,"column":26},"end":{"line":56,"column":null}},"24":{"start":{"line":57,"column":10},"end":{"line":57,"column":null}},"25":{"start":{"line":58,"column":10},"end":{"line":58,"column":null}},"26":{"start":{"line":62,"column":31},"end":{"line":62,"column":null}},"27":{"start":{"line":63,"column":6},"end":{"line":67,"column":null}},"28":{"start":{"line":64,"column":26},"end":{"line":64,"column":null}},"29":{"start":{"line":65,"column":8},"end":{"line":65,"column":null}},"30":{"start":{"line":66,"column":8},"end":{"line":66,"column":null}},"31":{"start":{"line":69,"column":6},"end":{"line":69,"column":null}},"32":{"start":{"line":71,"column":6},"end":{"line":73,"column":null}},"33":{"start":{"line":72,"column":8},"end":{"line":72,"column":null}},"34":{"start":{"line":77,"column":2},"end":{"line":92,"column":null}},"35":{"start":{"line":78,"column":4},"end":{"line":78,"column":null}},"36":{"start":{"line":81,"column":39},"end":{"line":89,"column":null}},"37":{"start":{"line":85,"column":6},"end":{"line":88,"column":null}},"38":{"start":{"line":86,"column":8},"end":{"line":86,"column":null}},"39":{"start":{"line":87,"column":8},"end":{"line":87,"column":null}},"40":{"start":{"line":91,"column":4},"end":{"line":91,"column":null}},"41":{"start":{"line":91,"column":17},"end":{"line":91,"column":null}},"42":{"start":{"line":94,"column":23},"end":{"line":98,"column":null}},"43":{"start":{"line":95,"column":4},"end":{"line":95,"column":null}},"44":{"start":{"line":96,"column":4},"end":{"line":96,"column":null}},"45":{"start":{"line":97,"column":4},"end":{"line":97,"column":null}},"46":{"start":{"line":100,"column":21},"end":{"line":108,"column":null}},"47":{"start":{"line":110,"column":23},"end":{"line":113,"column":null}},"48":{"start":{"line":115,"column":16},"end":{"line":115,"column":null}},"49":{"start":{"line":117,"column":2},"end":{"line":253,"column":null}},"50":{"start":{"line":136,"column":12},"end":{"line":147,"column":null}},"51":{"start":{"line":138,"column":29},"end":{"line":138,"column":null}},"52":{"start":{"line":166,"column":35},"end":{"line":166,"column":59}},"53":{"start":{"line":172,"column":31},"end":{"line":172,"column":59}},"54":{"start":{"line":222,"column":132},"end":{"line":222,"column":null}},"55":{"start":{"line":223,"column":158},"end":{"line":223,"column":null}},"56":{"start":{"line":226,"column":39},"end":{"line":226,"column":64}},"57":{"start":{"line":230,"column":18},"end":{"line":238,"column":null}},"58":{"start":{"line":232,"column":37},"end":{"line":232,"column":58}},"59":{"start":{"line":232,"column":58},"end":{"line":232,"column":83}}},"fnMap":{"0":{"name":"DashboardLayout","decl":{"start":{"line":21,"column":24},"end":{"line":21,"column":40}},"loc":{"start":{"line":21,"column":82},"end":{"line":255,"column":null}},"line":21},"1":{"name":"(anonymous_1)","decl":{"start":{"line":31,"column":27},"end":{"line":31,"column":39}},"loc":{"start":{"line":31,"column":39},"end":{"line":75,"column":null}},"line":31},"2":{"name":"(anonymous_2)","decl":{"start":{"line":77,"column":12},"end":{"line":77,"column":18}},"loc":{"start":{"line":77,"column":18},"end":{"line":92,"column":5}},"line":77},"3":{"name":"(anonymous_3)","decl":{"start":{"line":81,"column":71},"end":{"line":81,"column":72}},"loc":{"start":{"line":81,"column":91},"end":{"line":89,"column":5}},"line":81},"4":{"name":"(anonymous_4)","decl":{"start":{"line":91,"column":11},"end":{"line":91,"column":17}},"loc":{"start":{"line":91,"column":17},"end":{"line":91,"column":null}},"line":91},"5":{"name":"(anonymous_5)","decl":{"start":{"line":94,"column":23},"end":{"line":94,"column":35}},"loc":{"start":{"line":94,"column":35},"end":{"line":98,"column":null}},"line":94},"6":{"name":"(anonymous_6)","decl":{"start":{"line":135,"column":21},"end":{"line":135,"column":22}},"loc":{"start":{"line":136,"column":12},"end":{"line":147,"column":null}},"line":136},"7":{"name":"(anonymous_7)","decl":{"start":{"line":138,"column":23},"end":{"line":138,"column":29}},"loc":{"start":{"line":138,"column":29},"end":{"line":138,"column":null}},"line":138},"8":{"name":"(anonymous_8)","decl":{"start":{"line":166,"column":29},"end":{"line":166,"column":35}},"loc":{"start":{"line":166,"column":35},"end":{"line":166,"column":59}},"line":166},"9":{"name":"(anonymous_9)","decl":{"start":{"line":172,"column":26},"end":{"line":172,"column":31}},"loc":{"start":{"line":172,"column":31},"end":{"line":172,"column":59}},"line":172},"10":{"name":"(anonymous_10)","decl":{"start":{"line":222,"column":126},"end":{"line":222,"column":132}},"loc":{"start":{"line":222,"column":132},"end":{"line":222,"column":null}},"line":222},"11":{"name":"(anonymous_11)","decl":{"start":{"line":223,"column":153},"end":{"line":223,"column":158}},"loc":{"start":{"line":223,"column":158},"end":{"line":223,"column":null}},"line":223},"12":{"name":"(anonymous_12)","decl":{"start":{"line":226,"column":33},"end":{"line":226,"column":39}},"loc":{"start":{"line":226,"column":39},"end":{"line":226,"column":64}},"line":226},"13":{"name":"(anonymous_13)","decl":{"start":{"line":229,"column":27},"end":{"line":229,"column":28}},"loc":{"start":{"line":230,"column":18},"end":{"line":238,"column":null}},"line":230},"14":{"name":"(anonymous_14)","decl":{"start":{"line":232,"column":29},"end":{"line":232,"column":35}},"loc":{"start":{"line":232,"column":35},"end":{"line":232,"column":null}},"line":232}},"branchMap":{"0":{"loc":{"start":{"line":23,"column":59},"end":{"line":23,"column":104}},"type":"binary-expr","locations":[{"start":{"line":23,"column":59},"end":{"line":23,"column":98}},{"start":{"line":23,"column":98},"end":{"line":23,"column":104}}],"line":23},"1":{"loc":{"start":{"line":24,"column":62},"end":{"line":24,"column":136}},"type":"binary-expr","locations":[{"start":{"line":24,"column":62},"end":{"line":24,"column":103}},{"start":{"line":24,"column":103},"end":{"line":24,"column":136}}],"line":24},"2":{"loc":{"start":{"line":32,"column":4},"end":{"line":41,"column":null}},"type":"if","locations":[{"start":{"line":32,"column":4},"end":{"line":41,"column":null}},{"start":{},"end":{}}],"line":32},"3":{"loc":{"start":{"line":35,"column":6},"end":{"line":38,"column":null}},"type":"if","locations":[{"start":{"line":35,"column":6},"end":{"line":38,"column":null}},{"start":{},"end":{}}],"line":35},"4":{"loc":{"start":{"line":47,"column":6},"end":{"line":51,"column":null}},"type":"if","locations":[{"start":{"line":47,"column":6},"end":{"line":51,"column":null}},{"start":{},"end":{}}],"line":47},"5":{"loc":{"start":{"line":47,"column":10},"end":{"line":47,"column":30}},"type":"binary-expr","locations":[{"start":{"line":47,"column":10},"end":{"line":47,"column":23}},{"start":{"line":47,"column":23},"end":{"line":47,"column":30}}],"line":47},"6":{"loc":{"start":{"line":53,"column":6},"end":{"line":60,"column":null}},"type":"if","locations":[{"start":{"line":53,"column":6},"end":{"line":60,"column":null}},{"start":{},"end":{}}],"line":53},"7":{"loc":{"start":{"line":55,"column":8},"end":{"line":59,"column":null}},"type":"if","locations":[{"start":{"line":55,"column":8},"end":{"line":59,"column":null}},{"start":{},"end":{}}],"line":55},"8":{"loc":{"start":{"line":63,"column":6},"end":{"line":67,"column":null}},"type":"if","locations":[{"start":{"line":63,"column":6},"end":{"line":67,"column":null}},{"start":{},"end":{}}],"line":63},"9":{"loc":{"start":{"line":71,"column":6},"end":{"line":73,"column":null}},"type":"if","locations":[{"start":{"line":71,"column":6},"end":{"line":73,"column":null}},{"start":{},"end":{}}],"line":71},"10":{"loc":{"start":{"line":85,"column":6},"end":{"line":88,"column":null}},"type":"if","locations":[{"start":{"line":85,"column":6},"end":{"line":88,"column":null}},{"start":{},"end":{}}],"line":85},"11":{"loc":{"start":{"line":85,"column":6},"end":{"line":85,"column":68}},"type":"binary-expr","locations":[{"start":{"line":85,"column":11},"end":{"line":85,"column":37}},{"start":{"line":85,"column":37},"end":{"line":85,"column":50}},{"start":{"line":85,"column":50},"end":{"line":85,"column":68}}],"line":85},"12":{"loc":{"start":{"line":115,"column":16},"end":{"line":115,"column":null}},"type":"cond-expr","locations":[{"start":{"line":115,"column":35},"end":{"line":115,"column":48}},{"start":{"line":115,"column":48},"end":{"line":115,"column":null}}],"line":115},"13":{"loc":{"start":{"line":123,"column":11},"end":{"line":126,"column":null}},"type":"cond-expr","locations":[{"start":{"line":124,"column":12},"end":{"line":124,"column":null}},{"start":{"line":126,"column":12},"end":{"line":126,"column":null}}],"line":123},"14":{"loc":{"start":{"line":140,"column":18},"end":{"line":142,"column":null}},"type":"cond-expr","locations":[{"start":{"line":141,"column":20},"end":{"line":141,"column":null}},{"start":{"line":142,"column":20},"end":{"line":142,"column":null}}],"line":140},"15":{"loc":{"start":{"line":155,"column":75},"end":{"line":155,"column":103}},"type":"binary-expr","locations":[{"start":{"line":155,"column":75},"end":{"line":155,"column":93}},{"start":{"line":155,"column":93},"end":{"line":155,"column":103}}],"line":155},"16":{"loc":{"start":{"line":172,"column":15},"end":{"line":172,"column":null}},"type":"binary-expr","locations":[{"start":{"line":172,"column":15},"end":{"line":172,"column":71}},{"start":{"line":172,"column":71},"end":{"line":172,"column":null}}],"line":172},"17":{"loc":{"start":{"line":203,"column":87},"end":{"line":203,"column":115}},"type":"binary-expr","locations":[{"start":{"line":203,"column":87},"end":{"line":203,"column":105}},{"start":{"line":203,"column":105},"end":{"line":203,"column":115}}],"line":203},"18":{"loc":{"start":{"line":212,"column":59},"end":{"line":212,"column":93}},"type":"binary-expr","locations":[{"start":{"line":212,"column":59},"end":{"line":212,"column":78}},{"start":{"line":212,"column":78},"end":{"line":212,"column":93}}],"line":212},"19":{"loc":{"start":{"line":221,"column":9},"end":{"line":243,"column":null}},"type":"binary-expr","locations":[{"start":{"line":221,"column":9},"end":{"line":221,"column":null}},{"start":{"line":222,"column":10},"end":{"line":243,"column":null}}],"line":221},"20":{"loc":{"start":{"line":234,"column":24},"end":{"line":234,"column":130}},"type":"cond-expr","locations":[{"start":{"line":234,"column":58},"end":{"line":234,"column":97}},{"start":{"line":234,"column":97},"end":{"line":234,"column":130}}],"line":234}},"s":{"0":49,"1":49,"2":49,"3":49,"4":49,"5":49,"6":49,"7":49,"8":29,"9":2,"10":2,"11":1,"12":1,"13":2,"14":27,"15":27,"16":26,"17":1,"18":1,"19":1,"20":25,"21":25,"22":25,"23":14,"24":14,"25":14,"26":25,"27":25,"28":14,"29":14,"30":14,"31":1,"32":1,"33":0,"34":49,"35":29,"36":29,"37":3,"38":2,"39":2,"40":29,"41":29,"42":49,"43":4,"44":4,"45":4,"46":49,"47":49,"48":49,"49":49,"50":158,"51":1,"52":5,"53":136,"54":1,"55":3,"56":1,"57":15,"58":1,"59":1},"f":{"0":49,"1":29,"2":29,"3":3,"4":29,"5":4,"6":158,"7":1,"8":5,"9":136,"10":1,"11":3,"12":1,"13":15,"14":1},"b":{"0":[49,48],"1":[49,48],"2":[2,27],"3":[1,1],"4":[1,25],"5":[26,25],"6":[25,0],"7":[14,11],"8":[14,11],"9":[0,1],"10":[2,1],"11":[3,1,3],"12":[12,37],"13":[19,30],"14":[4,154],"15":[49,28],"16":[49,45],"17":[49,28],"18":[49,28],"19":[49,5],"20":[0,15]},"meta":{"lastBranch":21,"lastFunction":15,"lastStatement":60,"seen":{"f:21:24:21:40":0,"s:22:40:22:Infinity":0,"s:23:30:23:Infinity":1,"b:23:59:23:98:23:98:23:104":0,"s:24:38:24:Infinity":2,"b:24:62:24:103:24:103:24:136":1,"s:25:37:25:Infinity":3,"s:27:8:27:Infinity":4,"s:28:8:28:Infinity":5,"s:29:36:29:Infinity":6,"s:31:27:75:Infinity":7,"f:31:27:31:39":1,"b:32:4:41:Infinity:undefined:undefined:undefined:undefined":2,"s:32:4:41:Infinity":8,"s:34:36:34:Infinity":9,"b:35:6:38:Infinity:undefined:undefined:undefined:undefined":3,"s:35:6:38:Infinity":10,"s:36:8:36:Infinity":11,"s:37:8:37:Infinity":12,"s:40:6:40:Infinity":13,"s:43:4:74:Infinity":14,"s:44:51:44:Infinity":15,"b:47:6:51:Infinity:undefined:undefined:undefined:undefined":4,"s:47:6:51:Infinity":16,"b:47:10:47:23:47:23:47:30":5,"s:48:8:48:Infinity":17,"s:49:8:49:Infinity":18,"s:50:8:50:Infinity":19,"b:53:6:60:Infinity:undefined:undefined:undefined:undefined":6,"s:53:6:60:Infinity":20,"s:54:34:54:Infinity":21,"b:55:8:59:Infinity:undefined:undefined:undefined:undefined":7,"s:55:8:59:Infinity":22,"s:56:26:56:Infinity":23,"s:57:10:57:Infinity":24,"s:58:10:58:Infinity":25,"s:62:31:62:Infinity":26,"b:63:6:67:Infinity:undefined:undefined:undefined:undefined":8,"s:63:6:67:Infinity":27,"s:64:26:64:Infinity":28,"s:65:8:65:Infinity":29,"s:66:8:66:Infinity":30,"s:69:6:69:Infinity":31,"b:71:6:73:Infinity:undefined:undefined:undefined:undefined":9,"s:71:6:73:Infinity":32,"s:72:8:72:Infinity":33,"s:77:2:92:Infinity":34,"f:77:12:77:18":2,"s:78:4:78:Infinity":35,"s:81:39:89:Infinity":36,"f:81:71:81:72":3,"b:85:6:88:Infinity:undefined:undefined:undefined:undefined":10,"s:85:6:88:Infinity":37,"b:85:11:85:37:85:37:85:50:85:50:85:68":11,"s:86:8:86:Infinity":38,"s:87:8:87:Infinity":39,"s:91:4:91:Infinity":40,"f:91:11:91:17":4,"s:91:17:91:Infinity":41,"s:94:23:98:Infinity":42,"f:94:23:94:35":5,"s:95:4:95:Infinity":43,"s:96:4:96:Infinity":44,"s:97:4:97:Infinity":45,"s:100:21:108:Infinity":46,"s:110:23:113:Infinity":47,"s:115:16:115:Infinity":48,"b:115:35:115:48:115:48:115:Infinity":12,"s:117:2:253:Infinity":49,"b:124:12:124:Infinity:126:12:126:Infinity":13,"f:135:21:135:22":6,"s:136:12:147:Infinity":50,"f:138:23:138:29":7,"s:138:29:138:Infinity":51,"b:141:20:141:Infinity:142:20:142:Infinity":14,"b:155:75:155:93:155:93:155:103":15,"f:166:29:166:35":8,"s:166:35:166:59":52,"b:172:15:172:71:172:71:172:Infinity":16,"f:172:26:172:31":9,"s:172:31:172:59":53,"b:203:87:203:105:203:105:203:115":17,"b:212:59:212:78:212:78:212:93":18,"b:221:9:221:Infinity:222:10:243:Infinity":19,"f:222:126:222:132":10,"s:222:132:222:Infinity":54,"f:223:153:223:158":11,"s:223:158:223:Infinity":55,"f:226:33:226:39":12,"s:226:39:226:64":56,"f:229:27:229:28":13,"s:230:18:238:Infinity":57,"f:232:29:232:35":14,"s:232:37:232:58":58,"s:232:58:232:83":59,"b:234:58:234:97:234:97:234:130":20}}}
,"/home/alphyon/development/school-merit/src/lib/localDb.ts": {"path":"/home/alphyon/development/school-merit/src/lib/localDb.ts","statementMap":{"0":{"start":{"line":49,"column":4},"end":{"line":49,"column":null}},"1":{"start":{"line":50,"column":4},"end":{"line":55,"column":null}},"2":{"start":{"line":59,"column":18},"end":{"line":59,"column":null}}},"fnMap":{"0":{"name":"(anonymous_0)","decl":{"start":{"line":48,"column":2},"end":{"line":48,"column":16}},"loc":{"start":{"line":48,"column":16},"end":{"line":56,"column":null}},"line":48}},"branchMap":{},"s":{"0":12,"1":12,"2":1},"f":{"0":12},"b":{},"meta":{"lastBranch":0,"lastFunction":1,"lastStatement":3,"seen":{"f:48:2:48:16":0,"s:49:4:49:Infinity":0,"s:50:4:55:Infinity":1,"s:59:18:59:Infinity":2}}}
,"/home/alphyon/development/school-merit/src/pages/TeacherDashboard.tsx": {"path":"/home/alphyon/development/school-merit/src/pages/TeacherDashboard.tsx","statementMap":{"0":{"start":{"line":12,"column":8},"end":{"line":12,"column":null}},"1":{"start":{"line":13,"column":36},"end":{"line":13,"column":null}},"2":{"start":{"line":14,"column":42},"end":{"line":14,"column":null}},"3":{"start":{"line":15,"column":30},"end":{"line":15,"column":null}},"4":{"start":{"line":16,"column":44},"end":{"line":16,"column":null}},"5":{"start":{"line":17,"column":32},"end":{"line":17,"column":null}},"6":{"start":{"line":18,"column":34},"end":{"line":18,"column":null}},"7":{"start":{"line":19,"column":36},"end":{"line":19,"column":null}},"8":{"start":{"line":20,"column":44},"end":{"line":20,"column":null}},"9":{"start":{"line":21,"column":30},"end":{"line":21,"column":null}},"10":{"start":{"line":22,"column":38},"end":{"line":22,"column":null}},"11":{"start":{"line":23,"column":46},"end":{"line":23,"column":null}},"12":{"start":{"line":24,"column":32},"end":{"line":24,"column":null}},"13":{"start":{"line":25,"column":30},"end":{"line":25,"column":null}},"14":{"start":{"line":27,"column":2},"end":{"line":45,"column":null}},"15":{"start":{"line":28,"column":25},"end":{"line":32,"column":null}},"16":{"start":{"line":29,"column":6},"end":{"line":29,"column":null}},"17":{"start":{"line":30,"column":6},"end":{"line":30,"column":null}},"18":{"start":{"line":31,"column":6},"end":{"line":31,"column":null}},"19":{"start":{"line":33,"column":26},"end":{"line":36,"column":null}},"20":{"start":{"line":34,"column":6},"end":{"line":34,"column":null}},"21":{"start":{"line":35,"column":6},"end":{"line":35,"column":null}},"22":{"start":{"line":38,"column":4},"end":{"line":38,"column":null}},"23":{"start":{"line":39,"column":4},"end":{"line":39,"column":null}},"24":{"start":{"line":41,"column":4},"end":{"line":44,"column":null}},"25":{"start":{"line":42,"column":6},"end":{"line":42,"column":null}},"26":{"start":{"line":43,"column":6},"end":{"line":43,"column":null}},"27":{"start":{"line":47,"column":31},"end":{"line":65,"column":null}},"28":{"start":{"line":48,"column":4},"end":{"line":48,"column":null}},"29":{"start":{"line":48,"column":19},"end":{"line":48,"column":null}},"30":{"start":{"line":49,"column":4},"end":{"line":64,"column":null}},"31":{"start":{"line":50,"column":23},"end":{"line":54,"column":null}},"32":{"start":{"line":55,"column":6},"end":{"line":63,"column":null}},"33":{"start":{"line":56,"column":25},"end":{"line":56,"column":null}},"34":{"start":{"line":57,"column":8},"end":{"line":62,"column":null}},"35":{"start":{"line":58,"column":28},"end":{"line":60,"column":null}},"36":{"start":{"line":58,"column":46},"end":{"line":60,"column":12}},"37":{"start":{"line":61,"column":10},"end":{"line":61,"column":null}},"38":{"start":{"line":64,"column":18},"end":{"line":64,"column":59}},"39":{"start":{"line":67,"column":28},"end":{"line":122,"column":null}},"40":{"start":{"line":68,"column":4},"end":{"line":71,"column":null}},"41":{"start":{"line":69,"column":6},"end":{"line":69,"column":null}},"42":{"start":{"line":69,"column":21},"end":{"line":69,"column":null}},"43":{"start":{"line":70,"column":6},"end":{"line":70,"column":null}},"44":{"start":{"line":73,"column":20},"end":{"line":73,"column":null}},"45":{"start":{"line":74,"column":4},"end":{"line":74,"column":null}},"46":{"start":{"line":74,"column":30},"end":{"line":74,"column":null}},"47":{"start":{"line":76,"column":4},"end":{"line":76,"column":null}},"48":{"start":{"line":77,"column":23},"end":{"line":77,"column":null}},"49":{"start":{"line":78,"column":21},"end":{"line":78,"column":null}},"50":{"start":{"line":80,"column":4},"end":{"line":121,"column":null}},"51":{"start":{"line":81,"column":6},"end":{"line":106,"column":null}},"52":{"start":{"line":82,"column":50},"end":{"line":82,"column":null}},"53":{"start":{"line":84,"column":24},"end":{"line":95,"column":null}},"54":{"start":{"line":97,"column":26},"end":{"line":97,"column":null}},"55":{"start":{"line":99,"column":8},"end":{"line":105,"column":null}},"56":{"start":{"line":100,"column":10},"end":{"line":100,"column":null}},"57":{"start":{"line":101,"column":10},"end":{"line":101,"column":null}},"58":{"start":{"line":103,"column":10},"end":{"line":103,"column":null}},"59":{"start":{"line":104,"column":10},"end":{"line":104,"column":null}},"60":{"start":{"line":108,"column":6},"end":{"line":111,"column":null}},"61":{"start":{"line":109,"column":8},"end":{"line":109,"column":null}},"62":{"start":{"line":110,"column":8},"end":{"line":110,"column":null}},"63":{"start":{"line":112,"column":6},"end":{"line":114,"column":null}},"64":{"start":{"line":113,"column":8},"end":{"line":113,"column":null}},"65":{"start":{"line":116,"column":6},"end":{"line":116,"column":null}},"66":{"start":{"line":117,"column":6},"end":{"line":117,"column":null}},"67":{"start":{"line":119,"column":6},"end":{"line":119,"column":null}},"68":{"start":{"line":120,"column":6},"end":{"line":120,"column":null}},"69":{"start":{"line":124,"column":27},"end":{"line":127,"column":null}},"70":{"start":{"line":125,"column":18},"end":{"line":125,"column":null}},"71":{"start":{"line":126,"column":4},"end":{"line":126,"column":null}},"72":{"start":{"line":129,"column":20},"end":{"line":162,"column":null}},"73":{"start":{"line":130,"column":4},"end":{"line":161,"column":null}},"74":{"start":{"line":131,"column":6},"end":{"line":131,"column":null}},"75":{"start":{"line":132,"column":6},"end":{"line":132,"column":null}},"76":{"start":{"line":134,"column":6},"end":{"line":157,"column":null}},"77":{"start":{"line":135,"column":38},"end":{"line":135,"column":null}},"78":{"start":{"line":136,"column":8},"end":{"line":136,"column":null}},"79":{"start":{"line":136,"column":28},"end":{"line":136,"column":null}},"80":{"start":{"line":138,"column":34},"end":{"line":138,"column":null}},"81":{"start":{"line":139,"column":8},"end":{"line":150,"column":null}},"82":{"start":{"line":140,"column":10},"end":{"line":140,"column":null}},"83":{"start":{"line":141,"column":10},"end":{"line":141,"column":null}},"84":{"start":{"line":142,"column":39},"end":{"line":142,"column":null}},"85":{"start":{"line":143,"column":25},"end":{"line":143,"column":null}},"86":{"start":{"line":143,"column":53},"end":{"line":143,"column":61}},"87":{"start":{"line":144,"column":10},"end":{"line":144,"column":null}},"88":{"start":{"line":145,"column":10},"end":{"line":145,"column":null}},"89":{"start":{"line":147,"column":26},"end":{"line":147,"column":null}},"90":{"start":{"line":148,"column":28},"end":{"line":148,"column":null}},"91":{"start":{"line":148,"column":56},"end":{"line":148,"column":72}},"92":{"start":{"line":149,"column":10},"end":{"line":149,"column":null}},"93":{"start":{"line":149,"column":26},"end":{"line":149,"column":56}},"94":{"start":{"line":149,"column":56},"end":{"line":149,"column":81}},"95":{"start":{"line":152,"column":28},"end":{"line":152,"column":null}},"96":{"start":{"line":153,"column":8},"end":{"line":153,"column":null}},"97":{"start":{"line":154,"column":24},"end":{"line":154,"column":null}},"98":{"start":{"line":155,"column":26},"end":{"line":155,"column":null}},"99":{"start":{"line":155,"column":59},"end":{"line":155,"column":75}},"100":{"start":{"line":156,"column":8},"end":{"line":156,"column":null}},"101":{"start":{"line":156,"column":24},"end":{"line":156,"column":54}},"102":{"start":{"line":156,"column":54},"end":{"line":156,"column":79}},"103":{"start":{"line":159,"column":26},"end":{"line":159,"column":null}},"104":{"start":{"line":160,"column":6},"end":{"line":160,"column":null}},"105":{"start":{"line":160,"column":34},"end":{"line":160,"column":null}},"106":{"start":{"line":161,"column":16},"end":{"line":161,"column":37}},"107":{"start":{"line":164,"column":24},"end":{"line":197,"column":null}},"108":{"start":{"line":165,"column":4},"end":{"line":196,"column":null}},"109":{"start":{"line":166,"column":6},"end":{"line":192,"column":null}},"110":{"start":{"line":167,"column":32},"end":{"line":167,"column":null}},"111":{"start":{"line":168,"column":8},"end":{"line":188,"column":null}},"112":{"start":{"line":169,"column":29},"end":{"line":169,"column":null}},"113":{"start":{"line":169,"column":44},"end":{"line":169,"column":48}},"114":{"start":{"line":170,"column":35},"end":{"line":170,"column":null}},"115":{"start":{"line":171,"column":27},"end":{"line":174,"column":null}},"116":{"start":{"line":171,"column":43},"end":{"line":174,"column":12}},"117":{"start":{"line":173,"column":55},"end":{"line":173,"column":79}},"118":{"start":{"line":175,"column":10},"end":{"line":175,"column":null}},"119":{"start":{"line":177,"column":30},"end":{"line":186,"column":null}},"120":{"start":{"line":177,"column":49},"end":{"line":186,"column":12}},"121":{"start":{"line":187,"column":10},"end":{"line":187,"column":null}},"122":{"start":{"line":190,"column":30},"end":{"line":190,"column":null}},"123":{"start":{"line":191,"column":8},"end":{"line":191,"column":null}},"124":{"start":{"line":194,"column":28},"end":{"line":194,"column":null}},"125":{"start":{"line":195,"column":6},"end":{"line":195,"column":null}},"126":{"start":{"line":199,"column":2},"end":{"line":199,"column":null}},"127":{"start":{"line":199,"column":20},"end":{"line":199,"column":33}},"128":{"start":{"line":201,"column":23},"end":{"line":206,"column":null}},"129":{"start":{"line":202,"column":4},"end":{"line":202,"column":24}},"130":{"start":{"line":202,"column":24},"end":{"line":202,"column":null}},"131":{"start":{"line":203,"column":4},"end":{"line":203,"column":null}},"132":{"start":{"line":204,"column":4},"end":{"line":204,"column":null}},"133":{"start":{"line":205,"column":4},"end":{"line":205,"column":null}},"134":{"start":{"line":208,"column":29},"end":{"line":227,"column":null}},"135":{"start":{"line":209,"column":4},"end":{"line":209,"column":null}},"136":{"start":{"line":212,"column":4},"end":{"line":219,"column":null}},"137":{"start":{"line":212,"column":24},"end":{"line":219,"column":6}},"138":{"start":{"line":213,"column":6},"end":{"line":217,"column":null}},"139":{"start":{"line":214,"column":8},"end":{"line":214,"column":null}},"140":{"start":{"line":214,"column":33},"end":{"line":214,"column":null}},"141":{"start":{"line":215,"column":8},"end":{"line":215,"column":null}},"142":{"start":{"line":215,"column":34},"end":{"line":215,"column":null}},"143":{"start":{"line":216,"column":8},"end":{"line":216,"column":null}},"144":{"start":{"line":216,"column":39},"end":{"line":216,"column":null}},"145":{"start":{"line":218,"column":6},"end":{"line":218,"column":null}},"146":{"start":{"line":221,"column":4},"end":{"line":226,"column":null}},"147":{"start":{"line":222,"column":6},"end":{"line":222,"column":null}},"148":{"start":{"line":223,"column":6},"end":{"line":223,"column":null}},"149":{"start":{"line":225,"column":6},"end":{"line":225,"column":null}},"150":{"start":{"line":229,"column":19},"end":{"line":229,"column":null}},"151":{"start":{"line":229,"column":40},"end":{"line":229,"column":97}},"152":{"start":{"line":231,"column":2},"end":{"line":231,"column":null}},"153":{"start":{"line":231,"column":17},"end":{"line":231,"column":null}},"154":{"start":{"line":233,"column":2},"end":{"line":363,"column":null}},"155":{"start":{"line":235,"column":108},"end":{"line":235,"column":131}},"156":{"start":{"line":285,"column":25},"end":{"line":285,"column":null}},"157":{"start":{"line":286,"column":14},"end":{"line":290,"column":null}},"158":{"start":{"line":287,"column":16},"end":{"line":287,"column":null}},"159":{"start":{"line":288,"column":16},"end":{"line":288,"column":null}},"160":{"start":{"line":289,"column":16},"end":{"line":289,"column":null}},"161":{"start":{"line":293,"column":39},"end":{"line":293,"column":106}},"162":{"start":{"line":300,"column":25},"end":{"line":300,"column":null}},"163":{"start":{"line":301,"column":25},"end":{"line":301,"column":null}},"164":{"start":{"line":302,"column":31},"end":{"line":302,"column":null}},"165":{"start":{"line":303,"column":25},"end":{"line":303,"column":29}},"166":{"start":{"line":303,"column":46},"end":{"line":303,"column":50}},"167":{"start":{"line":303,"column":66},"end":{"line":303,"column":null}},"168":{"start":{"line":304,"column":10},"end":{"line":307,"column":null}},"169":{"start":{"line":304,"column":30},"end":{"line":304,"column":57}},"170":{"start":{"line":304,"column":57},"end":{"line":304,"column":110}},"171":{"start":{"line":304,"column":110},"end":{"line":304,"column":137}},"172":{"start":{"line":304,"column":137},"end":{"line":307,"column":null}},"173":{"start":{"line":305,"column":35},"end":{"line":305,"column":60}},"174":{"start":{"line":305,"column":60},"end":{"line":305,"column":119}},"175":{"start":{"line":305,"column":119},"end":{"line":305,"column":146}},"176":{"start":{"line":305,"column":146},"end":{"line":307,"column":null}},"177":{"start":{"line":306,"column":34},"end":{"line":306,"column":62}},"178":{"start":{"line":306,"column":62},"end":{"line":306,"column":125}},"179":{"start":{"line":306,"column":125},"end":{"line":306,"column":150}},"180":{"start":{"line":306,"column":150},"end":{"line":307,"column":null}},"181":{"start":{"line":307,"column":34},"end":{"line":307,"column":60}},"182":{"start":{"line":307,"column":60},"end":{"line":307,"column":115}},"183":{"start":{"line":307,"column":115},"end":{"line":307,"column":133}},"184":{"start":{"line":309,"column":10},"end":{"line":349,"column":null}},"185":{"start":{"line":312,"column":212},"end":{"line":312,"column":null}},"186":{"start":{"line":325,"column":149},"end":{"line":325,"column":180}},"187":{"start":{"line":343,"column":164},"end":{"line":343,"column":196}},"188":{"start":{"line":344,"column":169},"end":{"line":344,"column":202}},"189":{"start":{"line":345,"column":173},"end":{"line":345,"column":211}}},"fnMap":{"0":{"name":"TeacherDashboard","decl":{"start":{"line":11,"column":24},"end":{"line":11,"column":43}},"loc":{"start":{"line":11,"column":43},"end":{"line":365,"column":null}},"line":11},"1":{"name":"(anonymous_1)","decl":{"start":{"line":27,"column":12},"end":{"line":27,"column":18}},"loc":{"start":{"line":27,"column":18},"end":{"line":45,"column":5}},"line":27},"2":{"name":"(anonymous_2)","decl":{"start":{"line":28,"column":25},"end":{"line":28,"column":31}},"loc":{"start":{"line":28,"column":31},"end":{"line":32,"column":null}},"line":28},"3":{"name":"(anonymous_3)","decl":{"start":{"line":33,"column":26},"end":{"line":33,"column":32}},"loc":{"start":{"line":33,"column":32},"end":{"line":36,"column":null}},"line":33},"4":{"name":"(anonymous_4)","decl":{"start":{"line":41,"column":11},"end":{"line":41,"column":17}},"loc":{"start":{"line":41,"column":17},"end":{"line":44,"column":null}},"line":41},"5":{"name":"(anonymous_5)","decl":{"start":{"line":47,"column":31},"end":{"line":47,"column":43}},"loc":{"start":{"line":47,"column":43},"end":{"line":65,"column":null}},"line":47},"6":{"name":"(anonymous_6)","decl":{"start":{"line":58,"column":37},"end":{"line":58,"column":46}},"loc":{"start":{"line":58,"column":46},"end":{"line":60,"column":12}},"line":58},"7":{"name":"(anonymous_7)","decl":{"start":{"line":67,"column":28},"end":{"line":67,"column":40}},"loc":{"start":{"line":67,"column":40},"end":{"line":122,"column":null}},"line":67},"8":{"name":"(anonymous_8)","decl":{"start":{"line":124,"column":27},"end":{"line":124,"column":39}},"loc":{"start":{"line":124,"column":39},"end":{"line":127,"column":null}},"line":124},"9":{"name":"(anonymous_9)","decl":{"start":{"line":129,"column":20},"end":{"line":129,"column":32}},"loc":{"start":{"line":129,"column":32},"end":{"line":162,"column":null}},"line":129},"10":{"name":"(anonymous_10)","decl":{"start":{"line":143,"column":41},"end":{"line":143,"column":42}},"loc":{"start":{"line":143,"column":53},"end":{"line":143,"column":61}},"line":143},"11":{"name":"(anonymous_11)","decl":{"start":{"line":148,"column":51},"end":{"line":148,"column":56}},"loc":{"start":{"line":148,"column":56},"end":{"line":148,"column":72}},"line":148},"12":{"name":"(anonymous_12)","decl":{"start":{"line":155,"column":54},"end":{"line":155,"column":59}},"loc":{"start":{"line":155,"column":59},"end":{"line":155,"column":75}},"line":155},"13":{"name":"(anonymous_13)","decl":{"start":{"line":164,"column":24},"end":{"line":164,"column":31}},"loc":{"start":{"line":164,"column":51},"end":{"line":197,"column":null}},"line":164},"14":{"name":"(anonymous_14)","decl":{"start":{"line":169,"column":39},"end":{"line":169,"column":44}},"loc":{"start":{"line":169,"column":44},"end":{"line":169,"column":48}},"line":169},"15":{"name":"(anonymous_15)","decl":{"start":{"line":171,"column":37},"end":{"line":171,"column":43}},"loc":{"start":{"line":171,"column":43},"end":{"line":174,"column":12}},"line":171},"16":{"name":"(anonymous_16)","decl":{"start":{"line":173,"column":50},"end":{"line":173,"column":55}},"loc":{"start":{"line":173,"column":55},"end":{"line":173,"column":79}},"line":173},"17":{"name":"(anonymous_17)","decl":{"start":{"line":177,"column":43},"end":{"line":177,"column":49}},"loc":{"start":{"line":177,"column":49},"end":{"line":186,"column":12}},"line":177},"18":{"name":"(anonymous_18)","decl":{"start":{"line":199,"column":12},"end":{"line":199,"column":18}},"loc":{"start":{"line":199,"column":18},"end":{"line":199,"column":36}},"line":199},"19":{"name":"(anonymous_19)","decl":{"start":{"line":201,"column":23},"end":{"line":201,"column":24}},"loc":{"start":{"line":201,"column":75},"end":{"line":206,"column":null}},"line":201},"20":{"name":"(anonymous_20)","decl":{"start":{"line":208,"column":29},"end":{"line":208,"column":36}},"loc":{"start":{"line":208,"column":69},"end":{"line":227,"column":null}},"line":208},"21":{"name":"(anonymous_21)","decl":{"start":{"line":212,"column":16},"end":{"line":212,"column":24}},"loc":{"start":{"line":212,"column":24},"end":{"line":219,"column":6}},"line":212},"22":{"name":"(anonymous_22)","decl":{"start":{"line":212,"column":33},"end":{"line":212,"column":38}},"loc":{"start":{"line":212,"column":38},"end":{"line":219,"column":5}},"line":212},"23":{"name":"(anonymous_23)","decl":{"start":{"line":229,"column":35},"end":{"line":229,"column":40}},"loc":{"start":{"line":229,"column":40},"end":{"line":229,"column":97}},"line":229},"24":{"name":"(anonymous_24)","decl":{"start":{"line":235,"column":102},"end":{"line":235,"column":108}},"loc":{"start":{"line":235,"column":108},"end":{"line":235,"column":131}},"line":235},"25":{"name":"(anonymous_25)","decl":{"start":{"line":284,"column":31},"end":{"line":284,"column":32}},"loc":{"start":{"line":284,"column":38},"end":{"line":291,"column":null}},"line":284},"26":{"name":"(anonymous_26)","decl":{"start":{"line":293,"column":32},"end":{"line":293,"column":33}},"loc":{"start":{"line":293,"column":39},"end":{"line":293,"column":106}},"line":293},"27":{"name":"(anonymous_27)","decl":{"start":{"line":299,"column":22},"end":{"line":299,"column":23}},"loc":{"start":{"line":299,"column":29},"end":{"line":351,"column":9}},"line":299},"28":{"name":"(anonymous_28)","decl":{"start":{"line":312,"column":206},"end":{"line":312,"column":212}},"loc":{"start":{"line":312,"column":212},"end":{"line":312,"column":null}},"line":312},"29":{"name":"(anonymous_29)","decl":{"start":{"line":325,"column":143},"end":{"line":325,"column":149}},"loc":{"start":{"line":325,"column":149},"end":{"line":325,"column":180}},"line":325},"30":{"name":"(anonymous_30)","decl":{"start":{"line":343,"column":157},"end":{"line":343,"column":158}},"loc":{"start":{"line":343,"column":164},"end":{"line":343,"column":196}},"line":343},"31":{"name":"(anonymous_31)","decl":{"start":{"line":344,"column":162},"end":{"line":344,"column":163}},"loc":{"start":{"line":344,"column":169},"end":{"line":344,"column":202}},"line":344},"32":{"name":"(anonymous_32)","decl":{"start":{"line":345,"column":166},"end":{"line":345,"column":167}},"loc":{"start":{"line":345,"column":173},"end":{"line":345,"column":211}},"line":345}},"branchMap":{"0":{"loc":{"start":{"line":16,"column":65},"end":{"line":16,"column":111}},"type":"binary-expr","locations":[{"start":{"line":16,"column":65},"end":{"line":16,"column":109}},{"start":{"line":16,"column":109},"end":{"line":16,"column":111}}],"line":16},"1":{"loc":{"start":{"line":48,"column":4},"end":{"line":48,"column":null}},"type":"if","locations":[{"start":{"line":48,"column":4},"end":{"line":48,"column":null}},{"start":{},"end":{}}],"line":48},"2":{"loc":{"start":{"line":57,"column":8},"end":{"line":62,"column":null}},"type":"if","locations":[{"start":{"line":57,"column":8},"end":{"line":62,"column":null}},{"start":{},"end":{}}],"line":57},"3":{"loc":{"start":{"line":68,"column":4},"end":{"line":71,"column":null}},"type":"if","locations":[{"start":{"line":68,"column":4},"end":{"line":71,"column":null}},{"start":{},"end":{}}],"line":68},"4":{"loc":{"start":{"line":68,"column":8},"end":{"line":68,"column":32}},"type":"binary-expr","locations":[{"start":{"line":68,"column":8},"end":{"line":68,"column":21}},{"start":{"line":68,"column":21},"end":{"line":68,"column":32}}],"line":68},"5":{"loc":{"start":{"line":69,"column":6},"end":{"line":69,"column":null}},"type":"if","locations":[{"start":{"line":69,"column":6},"end":{"line":69,"column":null}},{"start":{},"end":{}}],"line":69},"6":{"loc":{"start":{"line":74,"column":4},"end":{"line":74,"column":null}},"type":"if","locations":[{"start":{"line":74,"column":4},"end":{"line":74,"column":null}},{"start":{},"end":{}}],"line":74},"7":{"loc":{"start":{"line":94,"column":18},"end":{"line":94,"column":null}},"type":"binary-expr","locations":[{"start":{"line":94,"column":18},"end":{"line":94,"column":38}},{"start":{"line":94,"column":38},"end":{"line":94,"column":null}}],"line":94},"8":{"loc":{"start":{"line":99,"column":8},"end":{"line":105,"column":null}},"type":"if","locations":[{"start":{"line":99,"column":8},"end":{"line":105,"column":null}},{"start":{"line":102,"column":15},"end":{"line":105,"column":null}}],"line":99},"9":{"loc":{"start":{"line":108,"column":6},"end":{"line":111,"column":null}},"type":"if","locations":[{"start":{"line":108,"column":6},"end":{"line":111,"column":null}},{"start":{},"end":{}}],"line":108},"10":{"loc":{"start":{"line":112,"column":6},"end":{"line":114,"column":null}},"type":"if","locations":[{"start":{"line":112,"column":6},"end":{"line":114,"column":null}},{"start":{},"end":{}}],"line":112},"11":{"loc":{"start":{"line":134,"column":6},"end":{"line":157,"column":null}},"type":"if","locations":[{"start":{"line":134,"column":6},"end":{"line":157,"column":null}},{"start":{"line":151,"column":13},"end":{"line":157,"column":null}}],"line":134},"12":{"loc":{"start":{"line":136,"column":8},"end":{"line":136,"column":null}},"type":"if","locations":[{"start":{"line":136,"column":8},"end":{"line":136,"column":null}},{"start":{},"end":{}}],"line":136},"13":{"loc":{"start":{"line":139,"column":8},"end":{"line":150,"column":null}},"type":"if","locations":[{"start":{"line":139,"column":8},"end":{"line":150,"column":null}},{"start":{},"end":{}}],"line":139},"14":{"loc":{"start":{"line":140,"column":25},"end":{"line":140,"column":55}},"type":"binary-expr","locations":[{"start":{"line":140,"column":25},"end":{"line":140,"column":46}},{"start":{"line":140,"column":46},"end":{"line":140,"column":55}}],"line":140},"15":{"loc":{"start":{"line":143,"column":25},"end":{"line":143,"column":null}},"type":"binary-expr","locations":[{"start":{"line":143,"column":25},"end":{"line":143,"column":82}},{"start":{"line":143,"column":82},"end":{"line":143,"column":null}}],"line":143},"16":{"loc":{"start":{"line":148,"column":28},"end":{"line":148,"column":null}},"type":"cond-expr","locations":[{"start":{"line":148,"column":77},"end":{"line":148,"column":88}},{"start":{"line":148,"column":88},"end":{"line":148,"column":null}}],"line":148},"17":{"loc":{"start":{"line":148,"column":28},"end":{"line":148,"column":77}},"type":"binary-expr","locations":[{"start":{"line":148,"column":28},"end":{"line":148,"column":39}},{"start":{"line":148,"column":39},"end":{"line":148,"column":77}}],"line":148},"18":{"loc":{"start":{"line":148,"column":88},"end":{"line":148,"column":null}},"type":"binary-expr","locations":[{"start":{"line":148,"column":88},"end":{"line":148,"column":105}},{"start":{"line":148,"column":105},"end":{"line":148,"column":null}}],"line":148},"19":{"loc":{"start":{"line":149,"column":10},"end":{"line":149,"column":null}},"type":"if","locations":[{"start":{"line":149,"column":10},"end":{"line":149,"column":null}},{"start":{},"end":{}}],"line":149},"20":{"loc":{"start":{"line":155,"column":26},"end":{"line":155,"column":null}},"type":"cond-expr","locations":[{"start":{"line":155,"column":80},"end":{"line":155,"column":91}},{"start":{"line":155,"column":91},"end":{"line":155,"column":null}}],"line":155},"21":{"loc":{"start":{"line":155,"column":26},"end":{"line":155,"column":80}},"type":"binary-expr","locations":[{"start":{"line":155,"column":26},"end":{"line":155,"column":37}},{"start":{"line":155,"column":37},"end":{"line":155,"column":80}}],"line":155},"22":{"loc":{"start":{"line":155,"column":91},"end":{"line":155,"column":null}},"type":"binary-expr","locations":[{"start":{"line":155,"column":91},"end":{"line":155,"column":113}},{"start":{"line":155,"column":113},"end":{"line":155,"column":null}}],"line":155},"23":{"loc":{"start":{"line":156,"column":8},"end":{"line":156,"column":null}},"type":"if","locations":[{"start":{"line":156,"column":8},"end":{"line":156,"column":null}},{"start":{},"end":{}}],"line":156},"24":{"loc":{"start":{"line":160,"column":6},"end":{"line":160,"column":null}},"type":"if","locations":[{"start":{"line":160,"column":6},"end":{"line":160,"column":null}},{"start":{},"end":{}}],"line":160},"25":{"loc":{"start":{"line":166,"column":6},"end":{"line":192,"column":null}},"type":"if","locations":[{"start":{"line":166,"column":6},"end":{"line":192,"column":null}},{"start":{"line":189,"column":13},"end":{"line":192,"column":null}}],"line":166},"26":{"loc":{"start":{"line":168,"column":8},"end":{"line":188,"column":null}},"type":"if","locations":[{"start":{"line":168,"column":8},"end":{"line":188,"column":null}},{"start":{},"end":{}}],"line":168},"27":{"loc":{"start":{"line":173,"column":35},"end":{"line":173,"column":null}},"type":"binary-expr","locations":[{"start":{"line":173,"column":35},"end":{"line":173,"column":91}},{"start":{"line":173,"column":91},"end":{"line":173,"column":null}}],"line":173},"28":{"loc":{"start":{"line":213,"column":6},"end":{"line":217,"column":null}},"type":"if","locations":[{"start":{"line":213,"column":6},"end":{"line":217,"column":null}},{"start":{},"end":{}}],"line":213},"29":{"loc":{"start":{"line":214,"column":8},"end":{"line":214,"column":null}},"type":"if","locations":[{"start":{"line":214,"column":8},"end":{"line":214,"column":null}},{"start":{},"end":{}}],"line":214},"30":{"loc":{"start":{"line":214,"column":65},"end":{"line":214,"column":90}},"type":"binary-expr","locations":[{"start":{"line":214,"column":65},"end":{"line":214,"column":85}},{"start":{"line":214,"column":85},"end":{"line":214,"column":90}}],"line":214},"31":{"loc":{"start":{"line":215,"column":8},"end":{"line":215,"column":null}},"type":"if","locations":[{"start":{"line":215,"column":8},"end":{"line":215,"column":null}},{"start":{},"end":{}}],"line":215},"32":{"loc":{"start":{"line":215,"column":68},"end":{"line":215,"column":95}},"type":"binary-expr","locations":[{"start":{"line":215,"column":68},"end":{"line":215,"column":90}},{"start":{"line":215,"column":90},"end":{"line":215,"column":95}}],"line":215},"33":{"loc":{"start":{"line":215,"column":132},"end":{"line":215,"column":157}},"type":"binary-expr","locations":[{"start":{"line":215,"column":132},"end":{"line":215,"column":152}},{"start":{"line":215,"column":152},"end":{"line":215,"column":157}}],"line":215},"34":{"loc":{"start":{"line":216,"column":8},"end":{"line":216,"column":null}},"type":"if","locations":[{"start":{"line":216,"column":8},"end":{"line":216,"column":null}},{"start":{},"end":{}}],"line":216},"35":{"loc":{"start":{"line":216,"column":78},"end":{"line":216,"column":110}},"type":"binary-expr","locations":[{"start":{"line":216,"column":78},"end":{"line":216,"column":105}},{"start":{"line":216,"column":105},"end":{"line":216,"column":110}}],"line":216},"36":{"loc":{"start":{"line":221,"column":4},"end":{"line":226,"column":null}},"type":"if","locations":[{"start":{"line":221,"column":4},"end":{"line":226,"column":null}},{"start":{"line":224,"column":11},"end":{"line":226,"column":null}}],"line":221},"37":{"loc":{"start":{"line":231,"column":2},"end":{"line":231,"column":null}},"type":"if","locations":[{"start":{"line":231,"column":2},"end":{"line":231,"column":null}},{"start":{},"end":{}}],"line":231},"38":{"loc":{"start":{"line":235,"column":7},"end":{"line":235,"column":null}},"type":"binary-expr","locations":[{"start":{"line":235,"column":7},"end":{"line":235,"column":23}},{"start":{"line":235,"column":23},"end":{"line":235,"column":null}}],"line":235},"39":{"loc":{"start":{"line":237,"column":7},"end":{"line":250,"column":null}},"type":"binary-expr","locations":[{"start":{"line":237,"column":7},"end":{"line":237,"column":null}},{"start":{"line":238,"column":8},"end":{"line":250,"column":null}}],"line":237},"40":{"loc":{"start":{"line":259,"column":11},"end":{"line":270,"column":null}},"type":"binary-expr","locations":[{"start":{"line":259,"column":11},"end":{"line":259,"column":null}},{"start":{"line":260,"column":12},"end":{"line":270,"column":null}}],"line":259},"41":{"loc":{"start":{"line":264,"column":60},"end":{"line":264,"column":93}},"type":"cond-expr","locations":[{"start":{"line":264,"column":72},"end":{"line":264,"column":89}},{"start":{"line":264,"column":89},"end":{"line":264,"column":93}}],"line":264},"42":{"loc":{"start":{"line":283,"column":26},"end":{"line":283,"column":null}},"type":"cond-expr","locations":[{"start":{"line":283,"column":73},"end":{"line":283,"column":93}},{"start":{"line":283,"column":93},"end":{"line":283,"column":null}}],"line":283},"43":{"loc":{"start":{"line":283,"column":26},"end":{"line":283,"column":73}},"type":"binary-expr","locations":[{"start":{"line":283,"column":26},"end":{"line":283,"column":55}},{"start":{"line":283,"column":55},"end":{"line":283,"column":73}}],"line":283},"44":{"loc":{"start":{"line":286,"column":14},"end":{"line":290,"column":null}},"type":"if","locations":[{"start":{"line":286,"column":14},"end":{"line":290,"column":null}},{"start":{},"end":{}}],"line":286},"45":{"loc":{"start":{"line":300,"column":25},"end":{"line":300,"column":null}},"type":"binary-expr","locations":[{"start":{"line":300,"column":25},"end":{"line":300,"column":45}},{"start":{"line":300,"column":45},"end":{"line":300,"column":null}}],"line":300},"46":{"loc":{"start":{"line":301,"column":25},"end":{"line":301,"column":null}},"type":"binary-expr","locations":[{"start":{"line":301,"column":25},"end":{"line":301,"column":47}},{"start":{"line":301,"column":47},"end":{"line":301,"column":null}}],"line":301},"47":{"loc":{"start":{"line":302,"column":31},"end":{"line":302,"column":null}},"type":"binary-expr","locations":[{"start":{"line":302,"column":31},"end":{"line":302,"column":58}},{"start":{"line":302,"column":58},"end":{"line":302,"column":null}}],"line":302},"48":{"loc":{"start":{"line":304,"column":10},"end":{"line":307,"column":null}},"type":"if","locations":[{"start":{"line":304,"column":10},"end":{"line":307,"column":null}},{"start":{"line":304,"column":137},"end":{"line":307,"column":null}}],"line":304},"49":{"loc":{"start":{"line":304,"column":137},"end":{"line":307,"column":null}},"type":"if","locations":[{"start":{"line":304,"column":137},"end":{"line":307,"column":null}},{"start":{"line":305,"column":146},"end":{"line":307,"column":null}}],"line":304},"50":{"loc":{"start":{"line":305,"column":146},"end":{"line":307,"column":null}},"type":"if","locations":[{"start":{"line":305,"column":146},"end":{"line":307,"column":null}},{"start":{"line":306,"column":150},"end":{"line":307,"column":null}}],"line":305},"51":{"loc":{"start":{"line":306,"column":150},"end":{"line":307,"column":null}},"type":"if","locations":[{"start":{"line":306,"column":150},"end":{"line":307,"column":null}},{"start":{},"end":{}}],"line":306},"52":{"loc":{"start":{"line":312,"column":79},"end":{"line":312,"column":193}},"type":"cond-expr","locations":[{"start":{"line":312,"column":94},"end":{"line":312,"column":110}},{"start":{"line":312,"column":110},"end":{"line":312,"column":193}}],"line":312},"53":{"loc":{"start":{"line":312,"column":110},"end":{"line":312,"column":193}},"type":"cond-expr","locations":[{"start":{"line":312,"column":125},"end":{"line":312,"column":144}},{"start":{"line":312,"column":144},"end":{"line":312,"column":193}}],"line":312},"54":{"loc":{"start":{"line":312,"column":144},"end":{"line":312,"column":193}},"type":"cond-expr","locations":[{"start":{"line":312,"column":158},"end":{"line":312,"column":176}},{"start":{"line":312,"column":176},"end":{"line":312,"column":193}}],"line":312},"55":{"loc":{"start":{"line":317,"column":19},"end":{"line":321,"column":null}},"type":"binary-expr","locations":[{"start":{"line":317,"column":19},"end":{"line":317,"column":31}},{"start":{"line":317,"column":31},"end":{"line":317,"column":null}},{"start":{"line":318,"column":20},"end":{"line":321,"column":null}}],"line":317},"56":{"loc":{"start":{"line":353,"column":7},"end":{"line":361,"column":null}},"type":"binary-expr","locations":[{"start":{"line":353,"column":7},"end":{"line":353,"column":null}},{"start":{"line":354,"column":8},"end":{"line":361,"column":null}}],"line":353}},"s":{"0":142,"1":142,"2":142,"3":142,"4":142,"5":142,"6":142,"7":142,"8":142,"9":142,"10":142,"11":142,"12":142,"13":142,"14":142,"15":51,"16":2,"17":2,"18":2,"19":51,"20":1,"21":1,"22":51,"23":51,"24":51,"25":51,"26":51,"27":142,"28":55,"29":13,"30":42,"31":42,"32":42,"33":124,"34":124,"35":121,"36":0,"37":121,"38":1,"39":142,"40":5,"41":0,"42":0,"43":0,"44":5,"45":5,"46":1,"47":4,"48":4,"49":4,"50":4,"51":4,"52":6,"53":6,"54":6,"55":5,"56":4,"57":4,"58":1,"59":1,"60":3,"61":2,"62":2,"63":3,"64":1,"65":1,"66":1,"67":4,"68":4,"69":142,"70":64,"71":64,"72":142,"73":55,"74":55,"75":55,"76":55,"77":42,"78":41,"79":1,"80":40,"81":40,"82":39,"83":39,"84":39,"85":39,"86":73,"87":39,"88":39,"89":39,"90":39,"91":2,"92":39,"93":39,"94":39,"95":13,"96":13,"97":13,"98":13,"99":0,"100":13,"101":7,"102":7,"103":1,"104":1,"105":1,"106":55,"107":142,"108":52,"109":52,"110":45,"111":44,"112":43,"113":76,"114":43,"115":43,"116":76,"117":4,"118":43,"119":43,"120":76,"121":43,"122":7,"123":7,"124":1,"125":1,"126":142,"127":51,"128":142,"129":9,"130":9,"131":9,"132":9,"133":9,"134":142,"135":5,"136":5,"137":5,"138":10,"139":5,"140":3,"141":2,"142":2,"143":1,"144":1,"145":5,"146":5,"147":4,"148":4,"149":1,"150":142,"151":148,"152":142,"153":51,"154":91,"155":1,"156":2,"157":2,"158":2,"159":2,"160":2,"161":151,"162":143,"163":143,"164":143,"165":143,"166":143,"167":143,"168":143,"169":1,"170":1,"171":1,"172":142,"173":1,"174":1,"175":1,"176":141,"177":1,"178":1,"179":1,"180":140,"181":69,"182":69,"183":69,"184":143,"185":1,"186":1,"187":6,"188":1,"189":2},"f":{"0":142,"1":51,"2":2,"3":1,"4":51,"5":55,"6":0,"7":5,"8":64,"9":55,"10":73,"11":2,"12":0,"13":52,"14":76,"15":76,"16":4,"17":76,"18":51,"19":9,"20":5,"21":5,"22":10,"23":148,"24":1,"25":2,"26":151,"27":143,"28":1,"29":1,"30":6,"31":1,"32":2},"b":{"0":[142,137],"1":[13,42],"2":[121,3],"3":[0,5],"4":[5,5],"5":[0,0],"6":[1,4],"7":[6,5],"8":[4,1],"9":[2,1],"10":[1,2],"11":[42,13],"12":[1,40],"13":[39,1],"14":[39,1],"15":[39,0],"16":[1,38],"17":[39,1],"18":[38,0],"19":[39,0],"20":[0,13],"21":[13,0],"22":[13,6],"23":[7,6],"24":[1,0],"25":[45,7],"26":[43,1],"27":[76,75],"28":[5,5],"29":[3,2],"30":[3,3],"31":[1,1],"32":[1,1],"33":[1,1],"34":[1,0],"35":[1,1],"36":[4,1],"37":[51,91],"38":[91,20],"39":[142,15],"40":[142,16],"41":[2,14],"42":[81,10],"43":[142,82],"44":[2,0],"45":[143,67],"46":[143,74],"47":[143,130],"48":[1,142],"49":[1,141],"50":[1,140],"51":[69,71],"52":[1,142],"53":[1,141],"54":[1,140],"55":[143,72,72],"56":[142,19]},"meta":{"lastBranch":57,"lastFunction":33,"lastStatement":190,"seen":{"f:11:24:11:43":0,"s:12:8:12:Infinity":0,"s:13:36:13:Infinity":1,"s:14:42:14:Infinity":2,"s:15:30:15:Infinity":3,"s:16:44:16:Infinity":4,"b:16:65:16:109:16:109:16:111":0,"s:17:32:17:Infinity":5,"s:18:34:18:Infinity":6,"s:19:36:19:Infinity":7,"s:20:44:20:Infinity":8,"s:21:30:21:Infinity":9,"s:22:38:22:Infinity":10,"s:23:46:23:Infinity":11,"s:24:32:24:Infinity":12,"s:25:30:25:Infinity":13,"s:27:2:45:Infinity":14,"f:27:12:27:18":1,"s:28:25:32:Infinity":15,"f:28:25:28:31":2,"s:29:6:29:Infinity":16,"s:30:6:30:Infinity":17,"s:31:6:31:Infinity":18,"s:33:26:36:Infinity":19,"f:33:26:33:32":3,"s:34:6:34:Infinity":20,"s:35:6:35:Infinity":21,"s:38:4:38:Infinity":22,"s:39:4:39:Infinity":23,"s:41:4:44:Infinity":24,"f:41:11:41:17":4,"s:42:6:42:Infinity":25,"s:43:6:43:Infinity":26,"s:47:31:65:Infinity":27,"f:47:31:47:43":5,"b:48:4:48:Infinity:undefined:undefined:undefined:undefined":1,"s:48:4:48:Infinity":28,"s:48:19:48:Infinity":29,"s:49:4:64:Infinity":30,"s:50:23:54:Infinity":31,"s:55:6:63:Infinity":32,"s:56:25:56:Infinity":33,"b:57:8:62:Infinity:undefined:undefined:undefined:undefined":2,"s:57:8:62:Infinity":34,"s:58:28:60:Infinity":35,"f:58:37:58:46":6,"s:58:46:60:12":36,"s:61:10:61:Infinity":37,"s:64:18:64:59":38,"s:67:28:122:Infinity":39,"f:67:28:67:40":7,"b:68:4:71:Infinity:undefined:undefined:undefined:undefined":3,"s:68:4:71:Infinity":40,"b:68:8:68:21:68:21:68:32":4,"b:69:6:69:Infinity:undefined:undefined:undefined:undefined":5,"s:69:6:69:Infinity":41,"s:69:21:69:Infinity":42,"s:70:6:70:Infinity":43,"s:73:20:73:Infinity":44,"b:74:4:74:Infinity:undefined:undefined:undefined:undefined":6,"s:74:4:74:Infinity":45,"s:74:30:74:Infinity":46,"s:76:4:76:Infinity":47,"s:77:23:77:Infinity":48,"s:78:21:78:Infinity":49,"s:80:4:121:Infinity":50,"s:81:6:106:Infinity":51,"s:82:50:82:Infinity":52,"s:84:24:95:Infinity":53,"b:94:18:94:38:94:38:94:Infinity":7,"s:97:26:97:Infinity":54,"b:99:8:105:Infinity:102:15:105:Infinity":8,"s:99:8:105:Infinity":55,"s:100:10:100:Infinity":56,"s:101:10:101:Infinity":57,"s:103:10:103:Infinity":58,"s:104:10:104:Infinity":59,"b:108:6:111:Infinity:undefined:undefined:undefined:undefined":9,"s:108:6:111:Infinity":60,"s:109:8:109:Infinity":61,"s:110:8:110:Infinity":62,"b:112:6:114:Infinity:undefined:undefined:undefined:undefined":10,"s:112:6:114:Infinity":63,"s:113:8:113:Infinity":64,"s:116:6:116:Infinity":65,"s:117:6:117:Infinity":66,"s:119:6:119:Infinity":67,"s:120:6:120:Infinity":68,"s:124:27:127:Infinity":69,"f:124:27:124:39":8,"s:125:18:125:Infinity":70,"s:126:4:126:Infinity":71,"s:129:20:162:Infinity":72,"f:129:20:129:32":9,"s:130:4:161:Infinity":73,"s:131:6:131:Infinity":74,"s:132:6:132:Infinity":75,"b:134:6:157:Infinity:151:13:157:Infinity":11,"s:134:6:157:Infinity":76,"s:135:38:135:Infinity":77,"b:136:8:136:Infinity:undefined:undefined:undefined:undefined":12,"s:136:8:136:Infinity":78,"s:136:28:136:Infinity":79,"s:138:34:138:Infinity":80,"b:139:8:150:Infinity:undefined:undefined:undefined:undefined":13,"s:139:8:150:Infinity":81,"s:140:10:140:Infinity":82,"b:140:25:140:46:140:46:140:55":14,"s:141:10:141:Infinity":83,"s:142:39:142:Infinity":84,"s:143:25:143:Infinity":85,"b:143:25:143:82:143:82:143:Infinity":15,"f:143:41:143:42":10,"s:143:53:143:61":86,"s:144:10:144:Infinity":87,"s:145:10:145:Infinity":88,"s:147:26:147:Infinity":89,"s:148:28:148:Infinity":90,"b:148:77:148:88:148:88:148:Infinity":16,"b:148:28:148:39:148:39:148:77":17,"f:148:51:148:56":11,"s:148:56:148:72":91,"b:148:88:148:105:148:105:148:Infinity":18,"b:149:10:149:Infinity:undefined:undefined:undefined:undefined":19,"s:149:10:149:Infinity":92,"s:149:26:149:56":93,"s:149:56:149:81":94,"s:152:28:152:Infinity":95,"s:153:8:153:Infinity":96,"s:154:24:154:Infinity":97,"s:155:26:155:Infinity":98,"b:155:80:155:91:155:91:155:Infinity":20,"b:155:26:155:37:155:37:155:80":21,"f:155:54:155:59":12,"s:155:59:155:75":99,"b:155:91:155:113:155:113:155:Infinity":22,"b:156:8:156:Infinity:undefined:undefined:undefined:undefined":23,"s:156:8:156:Infinity":100,"s:156:24:156:54":101,"s:156:54:156:79":102,"s:159:26:159:Infinity":103,"b:160:6:160:Infinity:undefined:undefined:undefined:undefined":24,"s:160:6:160:Infinity":104,"s:160:34:160:Infinity":105,"s:161:16:161:37":106,"s:164:24:197:Infinity":107,"f:164:24:164:31":13,"s:165:4:196:Infinity":108,"b:166:6:192:Infinity:189:13:192:Infinity":25,"s:166:6:192:Infinity":109,"s:167:32:167:Infinity":110,"b:168:8:188:Infinity:undefined:undefined:undefined:undefined":26,"s:168:8:188:Infinity":111,"s:169:29:169:Infinity":112,"f:169:39:169:44":14,"s:169:44:169:48":113,"s:170:35:170:Infinity":114,"s:171:27:174:Infinity":115,"f:171:37:171:43":15,"s:171:43:174:12":116,"b:173:35:173:91:173:91:173:Infinity":27,"f:173:50:173:55":16,"s:173:55:173:79":117,"s:175:10:175:Infinity":118,"s:177:30:186:Infinity":119,"f:177:43:177:49":17,"s:177:49:186:12":120,"s:187:10:187:Infinity":121,"s:190:30:190:Infinity":122,"s:191:8:191:Infinity":123,"s:194:28:194:Infinity":124,"s:195:6:195:Infinity":125,"s:199:2:199:Infinity":126,"f:199:12:199:18":18,"s:199:20:199:33":127,"s:201:23:206:Infinity":128,"f:201:23:201:24":19,"s:202:4:202:24":129,"s:202:24:202:Infinity":130,"s:203:4:203:Infinity":131,"s:204:4:204:Infinity":132,"s:205:4:205:Infinity":133,"s:208:29:227:Infinity":134,"f:208:29:208:36":20,"s:209:4:209:Infinity":135,"s:212:4:219:Infinity":136,"f:212:16:212:24":21,"s:212:24:219:6":137,"f:212:33:212:38":22,"b:213:6:217:Infinity:undefined:undefined:undefined:undefined":28,"s:213:6:217:Infinity":138,"b:214:8:214:Infinity:undefined:undefined:undefined:undefined":29,"s:214:8:214:Infinity":139,"s:214:33:214:Infinity":140,"b:214:65:214:85:214:85:214:90":30,"b:215:8:215:Infinity:undefined:undefined:undefined:undefined":31,"s:215:8:215:Infinity":141,"s:215:34:215:Infinity":142,"b:215:68:215:90:215:90:215:95":32,"b:215:132:215:152:215:152:215:157":33,"b:216:8:216:Infinity:undefined:undefined:undefined:undefined":34,"s:216:8:216:Infinity":143,"s:216:39:216:Infinity":144,"b:216:78:216:105:216:105:216:110":35,"s:218:6:218:Infinity":145,"b:221:4:226:Infinity:224:11:226:Infinity":36,"s:221:4:226:Infinity":146,"s:222:6:222:Infinity":147,"s:223:6:223:Infinity":148,"s:225:6:225:Infinity":149,"s:229:19:229:Infinity":150,"f:229:35:229:40":23,"s:229:40:229:97":151,"b:231:2:231:Infinity:undefined:undefined:undefined:undefined":37,"s:231:2:231:Infinity":152,"s:231:17:231:Infinity":153,"s:233:2:363:Infinity":154,"b:235:7:235:23:235:23:235:Infinity":38,"f:235:102:235:108":24,"s:235:108:235:131":155,"b:237:7:237:Infinity:238:8:250:Infinity":39,"b:259:11:259:Infinity:260:12:270:Infinity":40,"b:264:72:264:89:264:89:264:93":41,"b:283:73:283:93:283:93:283:Infinity":42,"b:283:26:283:55:283:55:283:73":43,"f:284:31:284:32":25,"s:285:25:285:Infinity":156,"b:286:14:290:Infinity:undefined:undefined:undefined:undefined":44,"s:286:14:290:Infinity":157,"s:287:16:287:Infinity":158,"s:288:16:288:Infinity":159,"s:289:16:289:Infinity":160,"f:293:32:293:33":26,"s:293:39:293:106":161,"f:299:22:299:23":27,"s:300:25:300:Infinity":162,"b:300:25:300:45:300:45:300:Infinity":45,"s:301:25:301:Infinity":163,"b:301:25:301:47:301:47:301:Infinity":46,"s:302:31:302:Infinity":164,"b:302:31:302:58:302:58:302:Infinity":47,"s:303:25:303:29":165,"s:303:46:303:50":166,"s:303:66:303:Infinity":167,"b:304:10:307:Infinity:304:137:307:Infinity":48,"s:304:10:307:Infinity":168,"s:304:30:304:57":169,"s:304:57:304:110":170,"s:304:110:304:137":171,"b:304:137:307:Infinity:305:146:307:Infinity":49,"s:304:137:307:Infinity":172,"s:305:35:305:60":173,"s:305:60:305:119":174,"s:305:119:305:146":175,"b:305:146:307:Infinity:306:150:307:Infinity":50,"s:305:146:307:Infinity":176,"s:306:34:306:62":177,"s:306:62:306:125":178,"s:306:125:306:150":179,"b:306:150:307:Infinity:undefined:undefined:undefined:undefined":51,"s:306:150:307:Infinity":180,"s:307:34:307:60":181,"s:307:60:307:115":182,"s:307:115:307:133":183,"s:309:10:349:Infinity":184,"b:312:94:312:110:312:110:312:193":52,"b:312:125:312:144:312:144:312:193":53,"b:312:158:312:176:312:176:312:193":54,"f:312:206:312:212":28,"s:312:212:312:Infinity":185,"b:317:19:317:31:317:31:317:Infinity:318:20:321:Infinity":55,"f:325:143:325:149":29,"s:325:149:325:180":186,"f:343:157:343:158":30,"s:343:164:343:196":187,"f:344:162:344:163":31,"s:344:169:344:202":188,"f:345:166:345:167":32,"s:345:173:345:211":189,"b:353:7:353:Infinity:354:8:361:Infinity":56}}}
}
